#
# A fatal error has been detected by the Java Runtime Environment:
#
#  SIGSEGV (0xb) at pc=0x00007ff3aa27facc, pid=31131, tid=0x00007ff394006700
#
# JRE version: Java(TM) SE Runtime Environment (8.0_201-b09) (build 1.8.0_201-b09)
# Java VM: Java HotSpot(TM) 64-Bit Server VM (25.201-b09 mixed mode linux-amd64 compressed oops)
# Problematic frame:
# V  [libjvm.so+0x987acc]  oopDesc* PSPromotionManager::copy_to_survivor_space<false>(oopDesc*)+0x6ac
#
# Failed to write core dump. Core dumps have been disabled. To enable core dumping, try "ulimit -c unlimited" before starting Java again
#
# If you would like to submit a bug report, please visit:
#   http://bugreport.java.com/bugreport/crash.jsp
#

---------------  T H R E A D  ---------------

Current thread (0x00007ff3a4026800):  GCTaskThread [stack: 0x00007ff393f07000,0x00007ff394007000] [id=31153]

siginfo: si_signo: 11 (SIGSEGV), si_code: 128 (SI_KERNEL), si_addr: 0x0000000000000000

Registers:
RAX=0x00007ff392f88470, RBX=0x0000000772549400, RCX=0x0000000000000003, RDX=0x0000000775271068
RSP=0x00007ff394005bd0, RBP=0x00007ff394005c60, RSI=0x00007ff3a4076fc0, RDI=0x00000007c0009430
R8 =0x0000000000000001, R9 =0x0000000775271090, R10=0x00007ff3aa890da0, R11=0x0000000775271150
R12=0x00007ff3a4076fc0, R13=0x0000000775271068, R14=0x0000000000000000, R15=0x000000000000001f
RIP=0x00007ff3aa27facc, EFLAGS=0x0000000000010293, CSGSFS=0x002b000000000033, ERR=0x0000000000000000
  TRAPNO=0x000000000000000d

Top of Stack: (sp=0x00007ff394005bd0)
0x00007ff394005bd0:   00007ff394005c60 00007ff3aa27e441
0x00007ff394005be0:   0000008000000000 0000000000000100
0x00007ff394005bf0:   00007ff300000020 0000000000000001
0x00007ff394005c00:   000000077526c010 0000000000001000
0x00007ff394005c10:   00007ff3a4076fc0 0000000000000000
0x00007ff394005c20:   000000000000001b 00007ff3a4027950
0x00007ff394005c30:   00007ff3a4027928 00007ff3a4076fc0
0x00007ff394005c40:   0000000775271064 0000000000000000
0x00007ff394005c50:   00007ff3a4077028 00007ff3aa890db0
0x00007ff394005c60:   00007ff394005cb0 00007ff3aa27f048
0x00007ff394005c70:   00007ff394005cb0 00007ff3a9f4d834
0x00007ff394005c80:   00007ff3a4020bf0 00000006c7b40028
0x00007ff394005c90:   00007ff3a4010730 0000000000000240
0x00007ff394005ca0:   00007ff39483ca01 00007ff39483ca01
0x00007ff394005cb0:   00007ff394005d70 00007ff3a9cc939e
0x00007ff394005cc0:   00007ff394005d10 00007ff39483ca00
0x00007ff394005cd0:   00007ff394839180 0000000000000180
0x00007ff394005ce0:   00007ff394839000 00007ff3a4076fc0
0x00007ff394005cf0:   00000006c7b40028 00000006c7fbce90
0x00007ff394005d00:   00000006c7b40028 00007ff39483c980
0x00007ff394005d10:   0000000000000200 00007ff39483c980
0x00007ff394005d20:   00007ff39483ede8 00007ff39483c800
0x00007ff394005d30:   00007ff39483ca01 00007ff3a40104e0
0x00007ff394005d40:   0000000000000003 00007ff3a4028db0
0x00007ff394005d50:   00007ff3a4076fc0 00007ff3a4026800
0x00007ff394005d60:   0000000000000000 00007ff3aa8b5188
0x00007ff394005d70:   00007ff394005da0 00007ff3aa283139
0x00007ff394005d80:   0000000000000004 00007ff3aa283101
0x00007ff394005d90:   0000000000000001 00007ff3a4028db0
0x00007ff394005da0:   00007ff394005eb0 00007ff3a9ebb666
0x00007ff394005db0:   00000000000003d8 00007ff3a4026d00
0x00007ff394005dc0:   00007ff3a4027128 00007ff3a4026d50 

Instructions: (pc=0x00007ff3aa27facc)
0x00007ff3aa27faac:   80 38 00 0f 85 f5 fe ff ff 8b 47 08 3d ff ff ff
0x00007ff3aa27fabc:   bf 0f 87 98 f9 ff ff 48 8b 07 4c 89 ea 4c 89 e6
0x00007ff3aa27facc:   ff 90 18 01 00 00 e9 84 f9 ff ff 66 0f 1f 84 00
0x00007ff3aa27fadc:   00 00 00 00 4d 89 6c 24 08 45 0f b6 74 24 58 45 

Register to memory mapping:

RAX={method} {0x00007ff392f88470} 'getName' '()Ljava/lang/String;' in 'java/lang/reflect/Constructor'
RBX=0x0000000772549400 is an oop

[error occurred during error reporting (printing register info), id 0xb]

Stack: [0x00007ff393f07000,0x00007ff394007000],  sp=0x00007ff394005bd0,  free space=1018k
Native frames: (J=compiled Java code, j=interpreted, Vv=VM code, C=native code)
V  [libjvm.so+0x987acc]  oopDesc* PSPromotionManager::copy_to_survivor_space<false>(oopDesc*)+0x6ac
V  [libjvm.so+0x987048]  PSPromotionManager::drain_stacks_depth(bool)+0x768
V  [libjvm.so+0x3d139e]  CardTableExtension::scavenge_contents_parallel(ObjectStartArray*, MutableSpace*, HeapWord*, PSPromotionManager*, unsigned int, unsigned int)+0x88e
V  [libjvm.so+0x98b139]  OldToYoungRootsTask::do_it(GCTaskManager*, unsigned int)+0x49
V  [libjvm.so+0x5c3666]  GCTaskThread::run()+0x1b6
V  [libjvm.so+0x90d922]  java_start(Thread*)+0x102


---------------  P R O C E S S  ---------------

Java Threads: ( => current thread )
  0x00007ff3a5327800 JavaThread "main" [_thread_blocked, id=31163, stack(0x00007ff388020000,0x00007ff388121000)]
  0x00007ff3a40c3000 JavaThread "Service Thread" daemon [_thread_blocked, id=31161, stack(0x00007ff390bfc000,0x00007ff390cfd000)]
  0x00007ff3a40c0000 JavaThread "C1 CompilerThread2" daemon [_thread_blocked, id=31160, stack(0x00007ff390cfe000,0x00007ff390dfe000)]
  0x00007ff3a40be000 JavaThread "C2 CompilerThread1" daemon [_thread_blocked, id=31159, stack(0x00007ff390dff000,0x00007ff390eff000)]
  0x00007ff3a40bb800 JavaThread "C2 CompilerThread0" daemon [_thread_blocked, id=31158, stack(0x00007ff390f00000,0x00007ff391000000)]
  0x00007ff3a40ba000 JavaThread "Signal Dispatcher" daemon [_thread_blocked, id=31157, stack(0x00007ff391000000,0x00007ff391101000)]
  0x00007ff3a4086000 JavaThread "Finalizer" daemon [_thread_blocked, id=31156, stack(0x00007ff391ad0000,0x00007ff391bd1000)]
  0x00007ff3a4083800 JavaThread "Reference Handler" daemon [_thread_blocked, id=31155, stack(0x00007ff391bd1000,0x00007ff391cd2000)]
  0x00007ff3a400b800 JavaThread "main" [_thread_blocked, id=31149, stack(0x00007ff3ab416000,0x00007ff3ab516000)]

Other Threads:
  0x00007ff3a4079800 VMThread [stack: 0x00007ff391cd3000,0x00007ff391dd3000] [id=31154]
  0x00007ff3a40c6000 WatcherThread [stack: 0x00007ff390afc000,0x00007ff390bfc000] [id=31162]

=>0x00007ff3a4026800 (exited) GCTaskThread [stack: 0x00007ff393f07000,0x00007ff394007000] [id=31153]

VM state:at safepoint (normal execution)

VM Mutex/Monitor currently owned by a thread:  ([mutex/lock_event])
[0x00007ff3a4007e80] Threads_lock - owner thread: 0x00007ff3a4079800
[0x00007ff3a4008380] Heap_lock - owner thread: 0x00007ff3a5327800

heap address: 0x00000006c7400000, size: 3980 MB, Compressed Oops mode: Zero based, Oop shift amount: 3
Narrow klass base: 0x0000000000000000, Narrow klass shift: 3
Compressed class space size: 1073741824 Address: 0x00000007c0000000

Heap:
 PSYoungGen      total 139264K, used 138245K [0x000000076d180000, 0x0000000776380000, 0x00000007c0000000)
  eden space 129024K, 99% used [0x000000076d180000,0x0000000774e896c0,0x0000000774f80000)
  from space 10240K, 99% used [0x0000000775980000,0x0000000776378040,0x0000000776380000)
  to   space 10240K, 84% used [0x0000000774f80000,0x00000007757ec010,0x0000000775980000)
 ParOldGen       total 171008K, used 12019K [0x00000006c7400000, 0x00000006d1b00000, 0x000000076d180000)
  object space 171008K, 7% used [0x00000006c7400000,0x00000006c7fbce90,0x00000006d1b00000)
 Metaspace       used 20580K, capacity 21164K, committed 21296K, reserved 1069056K
  class space    used 2461K, capacity 2638K, committed 2688K, reserved 1048576K

Card table byte_map: [0x00007ff394839000,0x00007ff395000000] byte_map_base: 0x00007ff3911ff000

Marking Bits: (ParMarkBitMap*) 0x00007ff3aa8c3d80
 Begin Bits: [0x00007ff36c3a0000, 0x00007ff3701d0000)
 End Bits:   [0x00007ff3701d0000, 0x00007ff374000000)

Polling page: 0x00007ff3ab533000

CodeCache: size=245760Kb used=11637Kb max_used=11637Kb free=234122Kb
 bounds [0x00007ff395000000, 0x00007ff395b70000, 0x00007ff3a4000000]
 total_blobs=4087 nmethods=3723 adapters=277
 compilation: enabled

Compilation events (10 events):
Event: 2,835 Thread 0x00007ff3a40c0000 3729       3       org.springframework.core.ResolvableType::getType (8 bytes)
Event: 2,835 Thread 0x00007ff3a40c0000 nmethod 3729 0x00007ff395b65750 code [0x00007ff395b65940, 0x00007ff395b66228]
Event: 2,835 Thread 0x00007ff3a40c0000 3730       1       org.springframework.util.ConcurrentReferenceHashMap$SoftEntryReference::getHash (5 bytes)
Event: 2,835 Thread 0x00007ff3a40c0000 nmethod 3730 0x00007ff395b4ead0 code [0x00007ff395b4ec20, 0x00007ff395b4ed30]
Event: 2,835 Thread 0x00007ff3a40c0000 3731       1       org.springframework.util.ConcurrentReferenceHashMap$Entry::getKey (5 bytes)
Event: 2,836 Thread 0x00007ff3a40c0000 nmethod 3731 0x00007ff395b63690 code [0x00007ff395b637e0, 0x00007ff395b638f0]
Event: 2,836 Thread 0x00007ff3a40c0000 3732       1       java.util.Formatter$Flags::valueOf (5 bytes)
Event: 2,836 Thread 0x00007ff3a40c0000 nmethod 3732 0x00007ff395b633d0 code [0x00007ff395b63520, 0x00007ff395b63630]
Event: 2,837 Thread 0x00007ff3a40c0000 3733       3       java.net.URLClassLoader$3::hasMoreElements (5 bytes)
Event: 2,837 Thread 0x00007ff3a40c0000 nmethod 3733 0x00007ff395b63050 code [0x00007ff395b631c0, 0x00007ff395b63348]

GC Heap History (9 events):
Event: 0,743 GC heap before
{Heap before GC invocations=1 (full 0):
 PSYoungGen      total 74752K, used 64512K [0x000000076d180000, 0x0000000772480000, 0x00000007c0000000)
  eden space 64512K, 100% used [0x000000076d180000,0x0000000771080000,0x0000000771080000)
  from space 10240K, 0% used [0x0000000771a80000,0x0000000771a80000,0x0000000772480000)
  to   space 10240K, 0% used [0x0000000771080000,0x0000000771080000,0x0000000771a80000)
 ParOldGen       total 171008K, used 0K [0x00000006c7400000, 0x00000006d1b00000, 0x000000076d180000)
  object space 171008K, 0% used [0x00000006c7400000,0x00000006c7400000,0x00000006d1b00000)
 Metaspace       used 11463K, capacity 11700K, committed 11776K, reserved 1058816K
  class space    used 1427K, capacity 1512K, committed 1536K, reserved 1048576K
Event: 0,751 GC heap after
Heap after GC invocations=1 (full 0):
 PSYoungGen      total 74752K, used 9884K [0x000000076d180000, 0x0000000772480000, 0x00000007c0000000)
  eden space 64512K, 0% used [0x000000076d180000,0x000000076d180000,0x0000000771080000)
  from space 10240K, 96% used [0x0000000771080000,0x0000000771a27160,0x0000000771a80000)
  to   space 10240K, 0% used [0x0000000771a80000,0x0000000771a80000,0x0000000772480000)
 ParOldGen       total 171008K, used 16K [0x00000006c7400000, 0x00000006d1b00000, 0x000000076d180000)
  object space 171008K, 0% used [0x00000006c7400000,0x00000006c7404000,0x00000006d1b00000)
 Metaspace       used 11463K, capacity 11700K, committed 11776K, reserved 1058816K
  class space    used 1427K, capacity 1512K, committed 1536K, reserved 1048576K
}
Event: 1,406 GC heap before
{Heap before GC invocations=2 (full 0):
 PSYoungGen      total 74752K, used 74396K [0x000000076d180000, 0x0000000772480000, 0x00000007c0000000)
  eden space 64512K, 100% used [0x000000076d180000,0x0000000771080000,0x0000000771080000)
  from space 10240K, 96% used [0x0000000771080000,0x0000000771a27160,0x0000000771a80000)
  to   space 10240K, 0% used [0x0000000771a80000,0x0000000771a80000,0x0000000772480000)
 ParOldGen       total 171008K, used 16K [0x00000006c7400000, 0x00000006d1b00000, 0x000000076d180000)
  object space 171008K, 0% used [0x00000006c7400000,0x00000006c7404000,0x00000006d1b00000)
 Metaspace       used 15130K, capacity 15412K, committed 15616K, reserved 1062912K
  class space    used 1832K, capacity 1944K, committed 2048K, reserved 1048576K
Event: 1,421 GC heap after
Heap after GC invocations=2 (full 0):
 PSYoungGen      total 74752K, used 10231K [0x000000076d180000, 0x0000000776380000, 0x00000007c0000000)
  eden space 64512K, 0% used [0x000000076d180000,0x000000076d180000,0x0000000771080000)
  from space 10240K, 99% used [0x0000000771a80000,0x000000077247dfd8,0x0000000772480000)
  to   space 10240K, 0% used [0x0000000771080000,0x0000000771080000,0x0000000771a80000)
 ParOldGen       total 171008K, used 1517K [0x00000006c7400000, 0x00000006d1b00000, 0x000000076d180000)
  object space 171008K, 0% used [0x00000006c7400000,0x00000006c757b4e8,0x00000006d1b00000)
 Metaspace       used 15130K, capacity 15412K, committed 15616K, reserved 1062912K
  class space    used 1832K, capacity 1944K, committed 2048K, reserved 1048576K
}
Event: 1,747 GC heap before
{Heap before GC invocations=3 (full 0):
 PSYoungGen      total 74752K, used 74743K [0x000000076d180000, 0x0000000776380000, 0x00000007c0000000)
  eden space 64512K, 100% used [0x000000076d180000,0x0000000771080000,0x0000000771080000)
  from space 10240K, 99% used [0x0000000771a80000,0x000000077247dfd8,0x0000000772480000)
  to   space 10240K, 0% used [0x0000000771080000,0x0000000771080000,0x0000000771a80000)
 ParOldGen       total 171008K, used 1517K [0x00000006c7400000, 0x00000006d1b00000, 0x000000076d180000)
  object space 171008K, 0% used [0x00000006c7400000,0x00000006c757b4e8,0x00000006d1b00000)
 Metaspace       used 15493K, capacity 15768K, committed 16128K, reserved 1062912K
  class space    used 1854K, capacity 1950K, committed 2048K, reserved 1048576K
Event: 1,760 GC heap after
Heap after GC invocations=3 (full 0):
 PSYoungGen      total 74752K, used 10224K [0x000000076d180000, 0x0000000776380000, 0x00000007c0000000)
  eden space 64512K, 0% used [0x000000076d180000,0x000000076d180000,0x0000000771080000)
  from space 10240K, 99% used [0x0000000771080000,0x0000000771a7c010,0x0000000771a80000)
  to   space 10240K, 0% used [0x0000000775980000,0x0000000775980000,0x0000000776380000)
 ParOldGen       total 171008K, used 7183K [0x00000006c7400000, 0x00000006d1b00000, 0x000000076d180000)
  object space 171008K, 4% used [0x00000006c7400000,0x00000006c7b03d38,0x00000006d1b00000)
 Metaspace       used 15493K, capacity 15768K, committed 16128K, reserved 1062912K
  class space    used 1854K, capacity 1950K, committed 2048K, reserved 1048576K
}
Event: 2,041 GC heap before
{Heap before GC invocations=4 (full 0):
 PSYoungGen      total 74752K, used 74736K [0x000000076d180000, 0x0000000776380000, 0x00000007c0000000)
  eden space 64512K, 100% used [0x000000076d180000,0x0000000771080000,0x0000000771080000)
  from space 10240K, 99% used [0x0000000771080000,0x0000000771a7c010,0x0000000771a80000)
  to   space 10240K, 0% used [0x0000000775980000,0x0000000775980000,0x0000000776380000)
 ParOldGen       total 171008K, used 7183K [0x00000006c7400000, 0x00000006d1b00000, 0x000000076d180000)
  object space 171008K, 4% used [0x00000006c7400000,0x00000006c7b03d38,0x00000006d1b00000)
 Metaspace       used 15951K, capacity 16266K, committed 16384K, reserved 1062912K
  class space    used 1871K, capacity 1985K, committed 2048K, reserved 1048576K
Event: 2,056 GC heap after
Heap after GC invocations=4 (full 0):
 PSYoungGen      total 139264K, used 10208K [0x000000076d180000, 0x0000000776380000, 0x00000007c0000000)
  eden space 129024K, 0% used [0x000000076d180000,0x000000076d180000,0x0000000774f80000)
  from space 10240K, 99% used [0x0000000775980000,0x0000000776378040,0x0000000776380000)
  to   space 10240K, 0% used [0x0000000774f80000,0x0000000774f80000,0x0000000775980000)
 ParOldGen       total 171008K, used 12019K [0x00000006c7400000, 0x00000006d1b00000, 0x000000076d180000)
  object space 171008K, 7% used [0x00000006c7400000,0x00000006c7fbce90,0x00000006d1b00000)
 Metaspace       used 15951K, capacity 16266K, committed 16384K, reserved 1062912K
  class space    used 1871K, capacity 1985K, committed 2048K, reserved 1048576K
}
Event: 2,842 GC heap before
{Heap before GC invocations=5 (full 0):
 PSYoungGen      total 139264K, used 138245K [0x000000076d180000, 0x0000000776380000, 0x00000007c0000000)
  eden space 129024K, 99% used [0x000000076d180000,0x0000000774e896c0,0x0000000774f80000)
  from space 10240K, 99% used [0x0000000775980000,0x0000000776378040,0x0000000776380000)
  to   space 10240K, 0% used [0x0000000774f80000,0x0000000774f80000,0x0000000775980000)
 ParOldGen       total 171008K, used 12019K [0x00000006c7400000, 0x00000006d1b00000, 0x000000076d180000)
  object space 171008K, 7% used [0x00000006c7400000,0x00000006c7fbce90,0x00000006d1b00000)
 Metaspace       used 20580K, capacity 21164K, committed 21296K, reserved 1069056K
  class space    used 2461K, capacity 2638K, committed 2688K, reserved 1048576K

Deoptimization events (10 events):
Event: 2,791 Thread 0x00007ff3a5327800 Uncommon trap: reason=class_check action=maybe_recompile pc=0x00007ff395a7c4c8 method=java.util.Collections$UnmodifiableMap$UnmodifiableEntrySet$1.next()Ljava/util/Map$Entry; @ 8
Event: 2,791 Thread 0x00007ff3a5327800 Uncommon trap: reason=class_check action=maybe_recompile pc=0x00007ff395a34688 method=java.util.Collections$UnmodifiableMap$UnmodifiableEntrySet$UnmodifiableEntry.getKey()Ljava/lang/Object; @ 4
Event: 2,791 Thread 0x00007ff3a5327800 Uncommon trap: reason=class_check action=maybe_recompile pc=0x00007ff395a72b88 method=java.util.Collections$UnmodifiableMap$UnmodifiableEntrySet$UnmodifiableEntry.getValue()Ljava/lang/Object; @ 4
Event: 2,795 Thread 0x00007ff3a5327800 Uncommon trap: reason=bimorphic action=maybe_recompile pc=0x00007ff3955ba6f8 method=java.util.regex.Pattern$CharProperty.match(Ljava/util/regex/Matcher;ILjava/lang/CharSequence;)Z @ 37
Event: 2,834 Thread 0x00007ff3a5327800 Uncommon trap: reason=class_check action=maybe_recompile pc=0x00007ff395a7c4c8 method=java.util.Collections$UnmodifiableMap$UnmodifiableEntrySet$1.next()Ljava/util/Map$Entry; @ 8
Event: 2,834 Thread 0x00007ff3a5327800 Uncommon trap: reason=class_check action=maybe_recompile pc=0x00007ff395a34688 method=java.util.Collections$UnmodifiableMap$UnmodifiableEntrySet$UnmodifiableEntry.getKey()Ljava/lang/Object; @ 4
Event: 2,834 Thread 0x00007ff3a5327800 Uncommon trap: reason=class_check action=maybe_recompile pc=0x00007ff395a72b88 method=java.util.Collections$UnmodifiableMap$UnmodifiableEntrySet$UnmodifiableEntry.getValue()Ljava/lang/Object; @ 4
Event: 2,835 Thread 0x00007ff3a5327800 Uncommon trap: reason=class_check action=maybe_recompile pc=0x00007ff395a7c4c8 method=java.util.Collections$UnmodifiableMap$UnmodifiableEntrySet$1.next()Ljava/util/Map$Entry; @ 8
Event: 2,835 Thread 0x00007ff3a5327800 Uncommon trap: reason=class_check action=maybe_recompile pc=0x00007ff395a34688 method=java.util.Collections$UnmodifiableMap$UnmodifiableEntrySet$UnmodifiableEntry.getKey()Ljava/lang/Object; @ 4
Event: 2,835 Thread 0x00007ff3a5327800 Uncommon trap: reason=class_check action=maybe_recompile pc=0x00007ff395a72b88 method=java.util.Collections$UnmodifiableMap$UnmodifiableEntrySet$UnmodifiableEntry.getValue()Ljava/lang/Object; @ 4

Classes redefined (0 events):
No events

Internal exceptions (10 events):
Event: 1,030 Thread 0x00007ff3a400b800 Implicit null exception at 0x00007ff39531bd35 to 0x00007ff39531c0e9
Event: 1,030 Thread 0x00007ff3a400b800 Implicit null exception at 0x00007ff39520f0b6 to 0x00007ff39520f4a5
Event: 1,126 Thread 0x00007ff3a400b800 Implicit null exception at 0x00007ff3955a6903 to 0x00007ff3955a7309
Event: 1,467 Thread 0x00007ff3a400b800 Implicit null exception at 0x00007ff39530dff5 to 0x00007ff39530e229
Event: 1,467 Thread 0x00007ff3a400b800 Implicit null exception at 0x00007ff3953991ef to 0x00007ff395399259
Event: 1,489 Thread 0x00007ff3a400b800 Implicit null exception at 0x00007ff39534137b to 0x00007ff39534198d
Event: 2,218 Thread 0x00007ff3a400b800 Implicit null exception at 0x00007ff39599dc8e to 0x00007ff39599df51
Event: 2,574 Thread 0x00007ff3a400b800 Exception <a 'java/lang/NoClassDefFoundError': org/sonatype/aether/version/VersionConstraint> (0x0000000772c11be0) thrown at [/HUDSON/workspace/8-2-build-linux-amd64/jdk8u201/12317/hotspot/src/share/vm/classfile/systemDictionary.cpp, line 199]
Event: 2,686 Thread 0x00007ff3a5327800 Exception <a 'java/io/FileNotFoundException'> (0x00000007735ba150) thrown at [/HUDSON/workspace/8-2-build-linux-amd64/jdk8u201/12317/hotspot/src/share/vm/prims/jni.cpp, line 709]
Event: 2,804 Thread 0x00007ff3a5327800 Exception <a 'java/io/FileNotFoundException'> (0x00000007747f4648) thrown at [/HUDSON/workspace/8-2-build-linux-amd64/jdk8u201/12317/hotspot/src/share/vm/prims/jni.cpp, line 709]

Events (10 events):
Event: 2,839 loading class org/springframework/boot/json/JsonParserFactory done
Event: 2,839 loading class org/springframework/boot/json/JsonParser
Event: 2,839 loading class org/springframework/boot/json/JsonParser done
Event: 2,840 loading class com/fasterxml/jackson/databind/ObjectMapper
Event: 2,840 loading class com/fasterxml/jackson/databind/ObjectMapper done
Event: 2,841 loading class com/fasterxml/jackson/core/Versioned
Event: 2,841 loading class com/fasterxml/jackson/core/Versioned done
Event: 2,842 loading class com/fasterxml/jackson/core/ObjectCodec
Event: 2,842 loading class com/fasterxml/jackson/core/ObjectCodec done
Event: 2,842 Executing VM operation: CollectForMetadataAllocation


Dynamic libraries:
00400000-00401000 r-xp 00000000 08:02 2232203                            /usr/lib/jvm/java-8-oracle/bin/java
00600000-00601000 r--p 00000000 08:02 2232203                            /usr/lib/jvm/java-8-oracle/bin/java
00601000-00602000 rw-p 00001000 08:02 2232203                            /usr/lib/jvm/java-8-oracle/bin/java
007a9000-007ca000 rw-p 00000000 00:00 0                                  [heap]
6c7400000-6d1b00000 rw-p 00000000 00:00 0 
6d1b00000-76d180000 ---p 00000000 00:00 0 
76d180000-776380000 rw-p 00000000 00:00 0 
776380000-7c0000000 ---p 00000000 00:00 0 
7c0000000-7c02a0000 rw-p 00000000 00:00 0 
7c02a0000-800000000 ---p 00000000 00:00 0 
7ff348000000-7ff348021000 rw-p 00000000 00:00 0 
7ff348021000-7ff34c000000 ---p 00000000 00:00 0 
7ff34c000000-7ff34c5ac000 rw-p 00000000 00:00 0 
7ff34c5ac000-7ff350000000 ---p 00000000 00:00 0 
7ff350000000-7ff350ebd000 rw-p 00000000 00:00 0 
7ff350ebd000-7ff354000000 ---p 00000000 00:00 0 
7ff354000000-7ff354021000 rw-p 00000000 00:00 0 
7ff354021000-7ff358000000 ---p 00000000 00:00 0 
7ff358000000-7ff358ed1000 rw-p 00000000 00:00 0 
7ff358ed1000-7ff35c000000 ---p 00000000 00:00 0 
7ff35c000000-7ff35e010000 rw-p 00000000 00:00 0 
7ff35e010000-7ff360000000 ---p 00000000 00:00 0 
7ff360000000-7ff360021000 rw-p 00000000 00:00 0 
7ff360021000-7ff364000000 ---p 00000000 00:00 0 
7ff364000000-7ff364021000 rw-p 00000000 00:00 0 
7ff364021000-7ff368000000 ---p 00000000 00:00 0 
7ff368000000-7ff368021000 rw-p 00000000 00:00 0 
7ff368021000-7ff36c000000 ---p 00000000 00:00 0 
7ff36c3a0000-7ff374000000 rw-p 00000000 00:00 0 
7ff374000000-7ff3742a6000 rw-p 00000000 00:00 0 
7ff3742a6000-7ff378000000 ---p 00000000 00:00 0 
7ff378000000-7ff378021000 rw-p 00000000 00:00 0 
7ff378021000-7ff37c000000 ---p 00000000 00:00 0 
7ff37c000000-7ff37c021000 rw-p 00000000 00:00 0 
7ff37c021000-7ff380000000 ---p 00000000 00:00 0 
7ff384000000-7ff384021000 rw-p 00000000 00:00 0 
7ff384021000-7ff388000000 ---p 00000000 00:00 0 
7ff388020000-7ff388023000 ---p 00000000 00:00 0 
7ff388023000-7ff388121000 rw-p 00000000 00:00 0 
7ff388121000-7ff388132000 r--s 00097000 08:02 1319122                    /home/luis/.m2/repository/org/springframework/boot/spring-boot/1.5.20.RELEASE/spring-boot-1.5.20.RELEASE.jar
7ff388132000-7ff388133000 r--s 00000000 08:02 11942501                   /home/luis/.m2/repository/org/springframework/cloud/spring-cloud-starter-netflix-archaius/1.4.6.RELEASE/spring-cloud-starter-netflix-archaius-1.4.6.RELEASE.jar
7ff388133000-7ff388134000 r--s 00004000 08:02 1839000                    /home/luis/.m2/repository/org/springframework/security/spring-security-rsa/1.0.3.RELEASE/spring-security-rsa-1.0.3.RELEASE.jar
7ff388134000-7ff388135000 r--s 00000000 08:02 11817166                   /home/luis/.m2/repository/org/springframework/cloud/spring-cloud-starter/1.3.5.RELEASE/spring-cloud-starter-1.3.5.RELEASE.jar
7ff388135000-7ff388139000 r--s 00012000 08:02 1709094                    /home/luis/.m2/repository/com/netflix/ribbon/ribbon/2.2.5/ribbon-2.2.5.jar
7ff388139000-7ff38813b000 r--s 0000f000 08:02 1578518                    /home/luis/.m2/repository/com/netflix/netflix-commons/netflix-eventbus/0.3.0/netflix-eventbus-0.3.0.jar
7ff38813b000-7ff38813f000 r--s 00027000 08:02 1709099                    /home/luis/.m2/repository/com/netflix/servo/servo-internal/0.10.1/servo-internal-0.10.1.jar
7ff38813f000-7ff388145000 r--s 00026000 08:02 1835764                    /home/luis/.m2/repository/com/netflix/hystrix/hystrix-javanica/1.5.12/hystrix-javanica-1.5.12.jar
7ff388145000-7ff388152000 r--s 00083000 08:02 2623047                    /home/luis/.m2/repository/commons-collections/commons-collections/3.2.2/commons-collections-3.2.2.jar
7ff388152000-7ff388156000 r--s 00024000 08:02 11816955                   /home/luis/.m2/repository/org/codehaus/woodstox/stax2-api/3.1.4/stax2-api-3.1.4.jar
7ff388156000-7ff388157000 r--s 00000000 08:02 1572963                    /home/luis/.m2/repository/org/springframework/boot/spring-boot-starter-web/1.5.20.RELEASE/spring-boot-starter-web-1.5.20.RELEASE.jar
7ff388157000-7ff388158000 r--s 00000000 08:02 11942840                   /home/luis/.m2/repository/org/springframework/cloud/spring-cloud-starter-netflix-eureka-client/1.4.6.RELEASE/spring-cloud-starter-netflix-eureka-client-1.4.6.RELEASE.jar
7ff388158000-7ff38815c000 r--s 00042000 08:02 1838967                    /home/luis/.m2/repository/com/fasterxml/jackson/core/jackson-core/2.8.11/jackson-core-2.8.11.jar
7ff38815c000-7ff38815e000 r--s 00002000 08:02 1709135                    /home/luis/.m2/repository/com/netflix/netflix-commons/netflix-statistics/0.1.1/netflix-statistics-0.1.1.jar
7ff38815e000-7ff388170000 r--s 000d0000 08:02 1319116                    /home/luis/.m2/repository/org/springframework/spring-webmvc/4.3.23.RELEASE/spring-webmvc-4.3.23.RELEASE.jar
7ff388170000-7ff388182000 r--s 0011f000 08:02 1707055                    /home/luis/.m2/repository/com/fasterxml/jackson/core/jackson-databind/2.8.11.3/jackson-databind-2.8.11.3.jar
7ff388182000-7ff3881ac000 r--s 002d9000 08:02 1572970                    /home/luis/.m2/repository/org/apache/tomcat/embed/tomcat-embed-core/8.5.39/tomcat-embed-core-8.5.39.jar
7ff3881ac000-7ff3881ae000 r--s 00005000 08:02 1052489                    /home/luis/.m2/repository/xpp3/xpp3_min/1.1.4c/xpp3_min-1.1.4c.jar
7ff3881ae000-7ff3881c8000 r--s 000fe000 08:02 11945737                   /home/luis/.m2/repository/org/springframework/spring-context/4.3.23.RELEASE/spring-context-4.3.23.RELEASE.jar
7ff3881c8000-7ff3881d3000 r--s 0006a000 08:02 1446604                    /home/luis/.m2/repository/ch/qos/logback/logback-core/1.1.11/logback-core-1.1.11.jar
7ff3881d3000-7ff3881d9000 r--s 00048000 08:02 11676912                   /home/luis/.m2/repository/org/apache/commons/commons-lang3/3.1/commons-lang3-3.1.jar
7ff3881d9000-7ff3881e6000 r--s 000b0000 08:02 11945723                   /home/luis/.m2/repository/org/apache/httpcomponents/httpclient/4.5.8/httpclient-4.5.8.jar
7ff3881e6000-7ff3881f0000 r--s 00059000 08:02 11942509                   /home/luis/.m2/repository/io/reactivex/rxnetty/0.4.9/rxnetty-0.4.9.jar
7ff3881f0000-7ff3881fe000 r--s 000ad000 08:02 11945732                   /home/luis/.m2/repository/org/springframework/spring-beans/4.3.23.RELEASE/spring-beans-4.3.23.RELEASE.jar
7ff3881fe000-7ff388209000 r--s 00060000 08:02 11942496                   /home/luis/.m2/repository/org/springframework/cloud/spring-cloud-netflix-core/1.4.6.RELEASE/spring-cloud-netflix-core-1.4.6.RELEASE.jar
7ff388209000-7ff38820a000 r--s 00000000 08:02 1319111                    /home/luis/.m2/repository/org/springframework/boot/spring-boot-starter/1.5.20.RELEASE/spring-boot-starter-1.5.20.RELEASE.jar
7ff38820a000-7ff388210000 r--s 00044000 08:02 11942489                   /home/luis/.m2/repository/commons-jxpath/commons-jxpath/1.3/commons-jxpath-1.3.jar
7ff388210000-7ff388216000 r--s 00071000 08:02 4721469                    /home/luis/.m2/repository/org/codehaus/woodstox/woodstox-core-asl/4.4.1/woodstox-core-asl-4.4.1.jar
7ff388216000-7ff388228000 r--s 000b9000 08:02 1319118                    /home/luis/.m2/repository/org/springframework/spring-web/4.3.23.RELEASE/spring-web-4.3.23.RELEASE.jar
7ff388228000-7ff388229000 r--s 00001000 08:02 2889984                    /home/luis/.m2/repository/xmlpull/xmlpull/1.1.3.1/xmlpull-1.1.3.1.jar
7ff388229000-7ff38822f000 r--s 0001b000 08:02 11817212                   /home/luis/.m2/repository/org/springframework/cloud/spring-cloud-commons/1.3.5.RELEASE/spring-cloud-commons-1.3.5.RELEASE.jar
7ff38822f000-7ff388233000 r--s 00015000 08:02 11817171                   /home/luis/.m2/repository/org/springframework/cloud/spring-cloud-context/1.3.5.RELEASE/spring-cloud-context-1.3.5.RELEASE.jar
7ff388233000-7ff388235000 r--s 0000c000 08:02 2623084                    /home/luis/.m2/repository/org/ow2/asm/asm/5.0.4/asm-5.0.4.jar
7ff388235000-7ff38823b000 r--s 0003d000 08:02 1446612                    /home/luis/.m2/repository/org/yaml/snakeyaml/1.17/snakeyaml-1.17.jar
7ff38823b000-7ff388240000 r--s 00068000 08:02 2363774                    /home/luis/.m2/repository/antlr/antlr/2.7.7/antlr-2.7.7.jar
7ff388240000-7ff388245000 r--s 00039000 08:02 1709100                    /home/luis/.m2/repository/com/netflix/eureka/eureka-core/1.7.2/eureka-core-1.7.2.jar
7ff388245000-7ff38824a000 r--s 00032000 08:02 1709117                    /home/luis/.m2/repository/com/netflix/servo/servo-core/0.10.1/servo-core-0.10.1.jar
7ff38824a000-7ff388250000 r--s 0003a000 08:02 1573338                    /home/luis/.m2/repository/org/apache/tomcat/embed/tomcat-embed-websocket/8.5.39/tomcat-embed-websocket-8.5.39.jar
7ff388250000-7ff388259000 r--s 00054000 08:02 11945730                   /home/luis/.m2/repository/org/springframework/spring-aop/4.3.23.RELEASE/spring-aop-4.3.23.RELEASE.jar
7ff388259000-7ff38825a000 r--s 00000000 08:02 1572961                    /home/luis/.m2/repository/org/springframework/boot/spring-boot-starter-tomcat/1.5.20.RELEASE/spring-boot-starter-tomcat-1.5.20.RELEASE.jar
7ff38825a000-7ff388260000 r--s 0003e000 08:02 11945733                   /home/luis/.m2/repository/org/springframework/spring-expression/4.3.23.RELEASE/spring-expression-4.3.23.RELEASE.jar
7ff388260000-7ff38826e000 r--s 00097000 08:02 1709096                    /home/luis/.m2/repository/com/google/inject/guice/4.1.0/guice-4.1.0.jar
7ff38826e000-7ff388270000 r--s 00003000 08:02 11945717                   /home/luis/.m2/repository/org/slf4j/jcl-over-slf4j/1.7.26/jcl-over-slf4j-1.7.26.jar
7ff388270000-7ff388273000 r--s 0000b000 08:02 1706888                    /home/luis/.m2/repository/com/fasterxml/jackson/core/jackson-annotations/2.8.0/jackson-annotations-2.8.0.jar
7ff388273000-7ff388276000 r--s 00021000 08:02 1319109                    /home/luis/.m2/repository/com/fasterxml/jackson/module/jackson-module-afterburner/2.8.11/jackson-module-afterburner-2.8.11.jar
7ff388276000-7ff388279000 r--s 0001e000 08:02 5520422                    /home/luis/.m2/repository/com/sun/jersey/jersey-client/1.19.1/jersey-client-1.19.1.jar
7ff388279000-7ff38827d000 r--s 00025000 08:02 4200717                    /home/luis/.m2/repository/org/antlr/antlr-runtime/3.4/antlr-runtime-3.4.jar
7ff38827d000-7ff38827f000 r--s 00005000 08:02 11676806                   /home/luis/.m2/repository/stax/stax-api/1.0.1/stax-api-1.0.1.jar
7ff38827f000-7ff388286000 r--s 00045000 08:02 1446602                    /home/luis/.m2/repository/ch/qos/logback/logback-classic/1.1.11/logback-classic-1.1.11.jar
7ff388286000-7ff388288000 r--s 00004000 08:02 1443536                    /home/luis/.m2/repository/org/slf4j/log4j-over-slf4j/1.7.26/log4j-over-slf4j-1.7.26.jar
7ff388288000-7ff388292000 r--s 0005b000 08:02 1578517                    /home/luis/.m2/repository/com/netflix/eureka/eureka-client/1.7.2/eureka-client-1.7.2.jar
7ff388292000-7ff388294000 r--s 00003000 08:02 5520433                    /home/luis/.m2/repository/com/sun/jersey/contribs/jersey-apache-client4/1.19.1/jersey-apache-client4-1.19.1.jar
7ff388294000-7ff388296000 r--s 00004000 08:02 1051637                    /home/luis/.m2/repository/javax/xml/stream/stax-api/1.0-2/stax-api-1.0-2.jar
7ff388296000-7ff38829d000 r--s 00049000 08:02 11945727                   /home/luis/.m2/repository/org/apache/httpcomponents/httpcore/4.4.11/httpcore-4.4.11.jar
7ff38829d000-7ff38829e000 r--s 00000000 08:02 922461                     /home/luis/.m2/repository/javax/inject/javax.inject/1/javax.inject-1.jar
7ff38829e000-7ff3882af000 r--s 0008a000 08:02 11548660                   /home/luis/.m2/repository/joda-time/joda-time/2.9.9/joda-time-2.9.9.jar
7ff3882af000-7ff3882b2000 r--s 00012000 08:02 11942476                   /home/luis/.m2/repository/org/codehaus/jettison/jettison/1.3.7/jettison-1.3.7.jar
7ff3882b2000-7ff3882b6000 r--s 00011000 08:02 1709130                    /home/luis/.m2/repository/com/netflix/ribbon/ribbon-core/2.2.5/ribbon-core-2.2.5.jar
7ff3882b6000-7ff3882b8000 r--s 0000a000 08:02 7086736                    /home/luis/.m2/repository/javax/ws/rs/jsr311-api/1.1.1/jsr311-api-1.1.1.jar
7ff3882b8000-7ff3882bf000 r--s 0003f000 08:02 1969540                    /home/luis/.m2/repository/commons-codec/commons-codec/1.10/commons-codec-1.10.jar
7ff3882bf000-7ff3882c0000 r--s 00000000 08:02 11945739                   /home/luis/.m2/repository/org/springframework/cloud/spring-cloud-starter-netflix-hystrix/1.4.6.RELEASE/spring-cloud-starter-netflix-hystrix-1.4.6.RELEASE.jar
7ff3882c0000-7ff3882c2000 r--s 00002000 08:02 1572966                    /home/luis/.m2/repository/org/apache/tomcat/tomcat-annotations-api/8.5.39/tomcat-annotations-api-8.5.39.jar
7ff3882c2000-7ff3882cc000 r--s 00061000 08:02 5520423                    /home/luis/.m2/repository/com/sun/jersey/jersey-core/1.19.1/jersey-core-1.19.1.jar
7ff3882cc000-7ff3882ce000 r--s 0000c000 08:02 1709105                    /home/luis/.m2/repository/com/netflix/ribbon/ribbon-httpclient/2.2.5/ribbon-httpclient-2.2.5.jar
7ff3882ce000-7ff3882d3000 r--s 00041000 08:02 792807                     /home/luis/.m2/repository/commons-lang/commons-lang/2.6/commons-lang-2.6.jar
7ff3882d3000-7ff3882d5000 r--s 0001a000 08:02 11942492                   /home/luis/.m2/repository/org/hdrhistogram/HdrHistogram/2.1.9/HdrHistogram-2.1.9.jar
7ff3882d5000-7ff38831f000 r--s 002f4000 08:02 922095                     /home/luis/.m2/repository/org/bouncycastle/bcprov-jdk15on/1.55/bcprov-jdk15on-1.55.jar
7ff38831f000-7ff388330000 r--s 00096000 08:02 922093                     /home/luis/.m2/repository/org/bouncycastle/bcpkix-jdk15on/1.55/bcpkix-jdk15on-1.55.jar
7ff388330000-7ff388333000 r--s 0000b000 08:02 11942493                   /home/luis/.m2/repository/io/reactivex/rxnetty-contexts/0.4.9/rxnetty-contexts-0.4.9.jar
7ff388333000-7ff388334000 r--s 00009000 08:02 1709115                    /home/luis/.m2/repository/com/netflix/ribbon/ribbon-transport/2.2.5/ribbon-transport-2.2.5.jar
7ff388334000-7ff388336000 r--s 00007000 08:02 1835760                    /home/luis/.m2/repository/com/netflix/hystrix/hystrix-serialization/1.5.12/hystrix-serialization-1.5.12.jar
7ff388336000-7ff388338000 r--s 00000000 08:02 1443376                    /home/luis/.m2/repository/org/slf4j/jul-to-slf4j/1.7.26/jul-to-slf4j-1.7.26.jar
7ff388338000-7ff388346000 r--s 00082000 08:02 5113714                    /home/luis/.m2/repository/com/thoughtworks/xstream/xstream/1.4.10/xstream-1.4.10.jar
7ff388346000-7ff388347000 r--s 00000000 08:02 11942499                   /home/luis/.m2/repository/org/springframework/cloud/spring-cloud-starter-netflix-ribbon/1.4.6.RELEASE/spring-cloud-starter-netflix-ribbon-1.4.6.RELEASE.jar
7ff388347000-7ff38835f000 r--s 001b4000 08:02 11945719                   /home/luis/.m2/repository/org/aspectj/aspectjweaver/1.8.14/aspectjweaver-1.8.14.jar
7ff38835f000-7ff388363000 r--s 0000c000 08:02 11547408                   /home/luis/.m2/repository/javax/validation/validation-api/1.1.0.Final/validation-api-1.1.0.Final.jar
7ff388363000-7ff388367000 r--s 00014000 08:02 11942483                   /home/luis/.m2/repository/org/springframework/cloud/spring-cloud-netflix-eureka-client/1.4.6.RELEASE/spring-cloud-netflix-eureka-client-1.4.6.RELEASE.jar
7ff388367000-7ff388369000 r--s 00006000 08:02 11942495                   /home/luis/.m2/repository/io/reactivex/rxnetty-servo/0.4.9/rxnetty-servo-0.4.9.jar
7ff388369000-7ff38836c000 r--s 0000f000 08:02 1835756                    /home/luis/.m2/repository/org/springframework/security/spring-security-crypto/4.2.12.RELEASE/spring-security-crypto-4.2.12.RELEASE.jar
7ff38836c000-7ff388371000 r--s 00036000 08:02 1707048                    /home/luis/.m2/repository/com/google/code/gson/gson/2.8.5/gson-2.8.5.jar
7ff388371000-7ff388375000 r--s 0002a000 08:02 11677728                   /home/luis/.m2/repository/commons-io/commons-io/2.4/commons-io-2.4.jar
7ff388375000-7ff388377000 r--s 0000f000 08:02 1707049                    /home/luis/.m2/repository/org/jboss/logging/jboss-logging/3.3.2.Final/jboss-logging-3.3.2.Final.jar
7ff388377000-7ff388379000 r--s 0000e000 08:02 1706874                    /home/luis/.m2/repository/com/fasterxml/classmate/1.3.4/classmate-1.3.4.jar
7ff388379000-7ff38837a000 r--s 00000000 08:02 11945736                   /home/luis/.m2/repository/org/springframework/cloud/spring-cloud-starter-netflix-zuul/1.4.6.RELEASE/spring-cloud-starter-netflix-zuul-1.4.6.RELEASE.jar
7ff38837a000-7ff38837e000 r--s 0001e000 08:02 1709128                    /home/luis/.m2/repository/com/netflix/archaius/archaius-core/0.7.4/archaius-core-0.7.4.jar
7ff38837e000-7ff388380000 r--s 00009000 08:02 11945725                   /home/luis/.m2/repository/org/slf4j/slf4j-api/1.7.26/slf4j-api-1.7.26.jar
7ff388380000-7ff388393000 r--s 000df000 08:02 792810                     /home/luis/.m2/repository/org/apache/commons/commons-math/2.2/commons-math-2.2.jar
7ff388393000-7ff388398000 r--s 00038000 08:02 1573337                    /home/luis/.m2/repository/org/apache/tomcat/embed/tomcat-embed-el/8.5.39/tomcat-embed-el-8.5.39.jar
7ff388398000-7ff38839b000 r--s 00022000 08:02 4200719                    /home/luis/.m2/repository/org/antlr/stringtemplate/3.2.1/stringtemplate-3.2.1.jar
7ff38839b000-7ff38839c000 r--s 00000000 08:02 1443369                    /home/luis/.m2/repository/org/springframework/boot/spring-boot-starter-logging/1.5.20.RELEASE/spring-boot-starter-logging-1.5.20.RELEASE.jar
7ff38839c000-7ff3883bc000 r--s 000e7000 08:02 1319115                    /home/luis/.m2/repository/org/springframework/boot/spring-boot-autoconfigure/1.5.20.RELEASE/spring-boot-autoconfigure-1.5.20.RELEASE.jar
7ff3883bc000-7ff3883bf000 r--s 00016000 08:02 1709093                    /home/luis/.m2/repository/com/netflix/netflix-commons/netflix-infix/0.3.0/netflix-infix-0.3.0.jar
7ff3883bf000-7ff3883c3000 r--s 00024000 08:02 1709113                    /home/luis/.m2/repository/com/netflix/ribbon/ribbon-loadbalancer/2.2.5/ribbon-loadbalancer-2.2.5.jar
7ff3883c3000-7ff3883d3000 r--s 00079000 08:02 1835754                    /home/luis/.m2/repository/org/springframework/boot/spring-boot-actuator/1.5.20.RELEASE/spring-boot-actuator-1.5.20.RELEASE.jar
7ff3883d3000-7ff3883d5000 r--s 0000c000 08:02 1835758                    /home/luis/.m2/repository/com/netflix/hystrix/hystrix-metrics-event-stream/1.5.12/hystrix-metrics-event-stream-1.5.12.jar
7ff3883d5000-7ff3883e6000 r--s 000a1000 08:02 1576092                    /home/luis/.m2/repository/org/hibernate/hibernate-validator/5.3.6.Final/hibernate-validator-5.3.6.Final.jar
7ff3883e6000-7ff3883f2000 r--s 00068000 08:02 1709122                    /home/luis/.m2/repository/com/netflix/hystrix/hystrix-core/1.5.12/hystrix-core-1.5.12.jar
7ff3883f2000-7ff3883f3000 r--s 00000000 08:02 1573342                    /home/luis/.m2/repository/org/springframework/boot/spring-boot-starter-actuator/1.5.20.RELEASE/spring-boot-starter-actuator-1.5.20.RELEASE.jar
7ff3883f3000-7ff3883fa000 r--s 00050000 08:02 11942505                   /home/luis/.m2/repository/commons-configuration/commons-configuration/1.8/commons-configuration-1.8.jar
7ff3883fa000-7ff388412000 r--s 000fc000 08:02 11942490                   /home/luis/.m2/repository/io/reactivex/rxjava/1.2.0/rxjava-1.2.0.jar
7ff388412000-7ff388415000 r--s 00013000 08:02 1319112                    /home/luis/.m2/repository/com/netflix/zuul/zuul-core/1.3.1/zuul-core-1.3.1.jar
7ff388415000-7ff388417000 r--s 00003000 08:02 1709129                    /home/luis/.m2/repository/com/netflix/ribbon/ribbon-eureka/2.2.5/ribbon-eureka-2.2.5.jar
7ff388417000-7ff388418000 r--s 00001000 08:02 1709125                    /home/luis/.m2/repository/com/netflix/netflix-commons/netflix-commons-util/0.1.1/netflix-commons-util-0.1.1.jar
7ff388418000-7ff388618000 rw-p 00000000 00:00 0 
7ff388702000-7ff38872e000 rw-p 00000000 00:00 0 
7ff38872e000-7ff388902000 ---p 00000000 00:00 0 
7ff388902000-7ff38892d000 r--s 001fc000 08:02 2890252                    /home/luis/.m2/repository/com/google/guava/guava/18.0/guava-18.0.jar
7ff38892d000-7ff38892e000 r--s 00008000 08:02 1970198                    /home/luis/.m2/repository/asm/asm-util/3.2/asm-util-3.2.jar
7ff38892e000-7ff38892f000 r--s 00004000 08:02 1970189                    /home/luis/.m2/repository/asm/asm-analysis/3.2/asm-analysis-3.2.jar
7ff38892f000-7ff388932000 r--s 00013000 08:02 11547579                   /home/luis/.m2/repository/commons-io/commons-io/1.3.2/commons-io-1.3.2.jar
7ff388932000-7ff388933000 r--s 00002000 08:02 1970193                    /home/luis/.m2/repository/org/vafer/jdependency/0.7/jdependency-0.7.jar
7ff388933000-7ff388936000 r--s 0000c000 08:02 1576514                    /home/luis/.m2/repository/org/apache/maven/shared/maven-dependency-tree/2.1/maven-dependency-tree-2.1.jar
7ff388936000-7ff388939000 r--s 00023000 08:02 1970192                    /home/luis/.m2/repository/org/jdom/jdom/1.1/jdom-1.1.jar
7ff388939000-7ff38893b000 r--s 00004000 08:02 1970190                    /home/luis/.m2/repository/asm/asm-tree/3.3.1/asm-tree-3.3.1.jar
7ff38893b000-7ff38893d000 r--s 00008000 08:02 1970186                    /home/luis/.m2/repository/asm/asm-commons/3.3.1/asm-commons-3.3.1.jar
7ff38893d000-7ff38893e000 r--s 0000a000 08:02 1970184                    /home/luis/.m2/repository/asm/asm/3.3.1/asm-3.3.1.jar
7ff38893e000-7ff388949000 r--s 00069000 08:02 1970154                    /home/luis/.m2/repository/org/sonatype/sisu/sisu-guice/2.1.7/sisu-guice-2.1.7-noaop.jar
7ff388949000-7ff38894e000 r--s 00021000 08:02 1838778                    /home/luis/.m2/repository/org/sonatype/sisu/sisu-inject-bean/1.4.2/sisu-inject-bean-1.4.2.jar
7ff38894e000-7ff388950000 r--s 00017000 08:02 3021904                    /home/luis/.m2/repository/org/apache/maven/plugins/maven-shade-plugin/2.2/maven-shade-plugin-2.2.jar
7ff388950000-7ff388952000 r--s 00001000 08:02 3021903                    /home/luis/.m2/repository/org/sonatype/plexus/plexus-build-api/0.0.7/plexus-build-api-0.0.7.jar
7ff388952000-7ff388956000 r--s 00039000 08:02 1579045                    /home/luis/.m2/repository/org/codehaus/plexus/plexus-utils/3.0.24/plexus-utils-3.0.24.jar
7ff388956000-7ff38895d000 r--s 00056000 08:02 3021901                    /home/luis/.m2/repository/org/apache/commons/commons-compress/1.9/commons-compress-1.9.jar
7ff38895d000-7ff388961000 r--s 0000f000 08:02 3021900                    /home/luis/.m2/repository/org/codehaus/plexus/plexus-io/2.3.2/plexus-io-2.3.2.jar
7ff388961000-7ff388965000 r--s 0001f000 08:02 3021898                    /home/luis/.m2/repository/org/codehaus/plexus/plexus-archiver/2.8.1/plexus-archiver-2.8.1.jar
7ff388965000-7ff388967000 r--s 00009000 08:02 11547389                   /home/luis/.m2/repository/org/hamcrest/hamcrest-core/1.3/hamcrest-core-1.3.jar
7ff388967000-7ff38896f000 r--s 00045000 08:02 11547390                   /home/luis/.m2/repository/junit/junit/4.12/junit-4.12.jar
7ff38896f000-7ff388978000 r--s 0006f000 08:02 1055079                    /home/luis/.m2/repository/log4j/log4j/1.2.17/log4j-1.2.17.jar
7ff388978000-7ff38897a000 r--s 00006000 08:02 3021886                    /home/luis/.m2/repository/org/apache/maven/shared/maven-common-artifact-filters/1.4/maven-common-artifact-filters-1.4.jar
7ff38897a000-7ff388980000 r--s 00042000 08:02 2890242                    /home/luis/.m2/repository/org/eclipse/sisu/org.eclipse.sisu.inject/0.0.0.M5/org.eclipse.sisu.inject-0.0.0.M5.jar
7ff388980000-7ff388982000 r--s 00000000 08:02 11816953                   /home/luis/.m2/repository/aopalliance/aopalliance/1.0/aopalliance-1.0.jar
7ff388982000-7ff38898a000 r--s 00050000 08:02 2890240                    /home/luis/.m2/repository/org/sonatype/sisu/sisu-guice/3.1.0/sisu-guice-3.1.0-no_aop.jar
7ff38898a000-7ff38898d000 r--s 00008000 08:02 11931855                   /home/luis/.m2/repository/javax/enterprise/cdi-api/1.0/cdi-api-1.0.jar
7ff38898d000-7ff388991000 r--s 00020000 08:02 3021883                    /home/luis/.m2/repository/org/eclipse/aether/aether-util/1.0.2.v20150114/aether-util-1.0.2.v20150114.jar
7ff388991000-7ff388994000 r--s 0000d000 08:02 3021874                    /home/luis/.m2/repository/org/codehaus/plexus/plexus-interpolation/1.21/plexus-interpolation-1.21.jar
7ff388994000-7ff388998000 r--s 00026000 08:02 3021872                    /home/luis/.m2/repository/org/apache/maven/shared/maven-shared-utils/0.7/maven-shared-utils-0.7.jar
7ff388998000-7ff388999000 r--s 00005000 08:02 2890228                    /home/luis/.m2/repository/org/apache/maven/maven-archiver/2.6/maven-archiver-2.6.jar
7ff388999000-7ff38899b000 r--s 0000e000 08:02 11931790                   /home/luis/.m2/repository/commons-logging/commons-logging/1.2/commons-logging-1.2.jar
7ff38899b000-7ff3889b2000 r--s 000fe000 08:02 11945726                   /home/luis/.m2/repository/org/springframework/spring-core/4.3.23.RELEASE/spring-core-4.3.23.RELEASE.jar
7ff3889b2000-7ff3889b5000 r--s 00023000 08:02 3022859                    /home/luis/.m2/repository/org/springframework/boot/spring-boot-loader-tools/1.5.20.RELEASE/spring-boot-loader-tools-1.5.20.RELEASE.jar
7ff3889b5000-7ff3889b7000 r--s 0000f000 08:02 3022760                    /home/luis/.m2/repository/org/springframework/boot/spring-boot-maven-plugin/1.5.20.RELEASE/spring-boot-maven-plugin-1.5.20.RELEASE.jar
7ff3889b7000-7ff3889ba000 r--s 0001b000 08:02 1447140                    /home/luis/.m2/repository/junit/junit/3.8.2/junit-3.8.2.jar
7ff3889ba000-7ff3889c8000 r--s 0008f000 08:02 1447138                    /home/luis/.m2/repository/com/google/collections/google-collections/1.0/google-collections-1.0.jar
7ff3889c8000-7ff3889c9000 r--s 0000a000 08:02 11547474                   /home/luis/.m2/repository/commons-logging/commons-logging-api/1.1/commons-logging-api-1.1.jar
7ff3889c9000-7ff3889d0000 r--s 00051000 08:02 1447136                    /home/luis/.m2/repository/log4j/log4j/1.2.12/log4j-1.2.12.jar
7ff3889d0000-7ff3889d4000 r--s 0001d000 08:02 1447135                    /home/luis/.m2/repository/org/apache/xbean/xbean-reflect/3.4/xbean-reflect-3.4.jar
7ff3889d4000-7ff3889d5000 r--s 00004000 08:02 1447128                    /home/luis/.m2/repository/org/codehaus/plexus/plexus-compiler-javac/2.2/plexus-compiler-javac-2.2.jar
7ff3889d5000-7ff388bd5000 rw-p 00000000 00:00 0 
7ff388bd5000-7ff388be6000 r-xp 00000000 08:02 2360971                    /usr/lib/jvm/java-8-oracle/jre/lib/amd64/libnio.so
7ff388be6000-7ff388de5000 ---p 00011000 08:02 2360971                    /usr/lib/jvm/java-8-oracle/jre/lib/amd64/libnio.so
7ff388de5000-7ff388de6000 r--p 00010000 08:02 2360971                    /usr/lib/jvm/java-8-oracle/jre/lib/amd64/libnio.so
7ff388de6000-7ff388de7000 rw-p 00011000 08:02 2360971                    /usr/lib/jvm/java-8-oracle/jre/lib/amd64/libnio.so
7ff388de7000-7ff38bde8000 rw-p 00000000 00:00 0 
7ff38bde8000-7ff38bdfe000 r-xp 00000000 08:02 2360968                    /usr/lib/jvm/java-8-oracle/jre/lib/amd64/libnet.so
7ff38bdfe000-7ff38bffe000 ---p 00016000 08:02 2360968                    /usr/lib/jvm/java-8-oracle/jre/lib/amd64/libnet.so
7ff38bffe000-7ff38bfff000 r--p 00016000 08:02 2360968                    /usr/lib/jvm/java-8-oracle/jre/lib/amd64/libnet.so
7ff38bfff000-7ff38c000000 rw-p 00017000 08:02 2360968                    /usr/lib/jvm/java-8-oracle/jre/lib/amd64/libnet.so
7ff38c000000-7ff38c021000 rw-p 00000000 00:00 0 
7ff38c021000-7ff390000000 ---p 00000000 00:00 0 
7ff390000000-7ff390002000 r--s 00000000 08:02 1447126                    /home/luis/.m2/repository/org/codehaus/plexus/plexus-compiler-manager/2.2/plexus-compiler-manager-2.2.jar
7ff390002000-7ff390004000 r--s 00005000 08:02 1315816                    /home/luis/.m2/repository/org/codehaus/plexus/plexus-compiler-api/2.2/plexus-compiler-api-2.2.jar
7ff390004000-7ff390006000 r--s 00000000 08:02 1315812                    /home/luis/.m2/repository/org/codehaus/plexus/plexus-component-annotations/1.5.5/plexus-component-annotations-1.5.5.jar
7ff390006000-7ff390008000 r--s 00002000 08:02 1315810                    /home/luis/.m2/repository/org/apache/maven/shared/maven-shared-incremental/1.1/maven-shared-incremental-1.1.jar
7ff390008000-7ff39000b000 r--s 00023000 08:02 1315808                    /home/luis/.m2/repository/org/apache/maven/shared/maven-shared-utils/0.1/maven-shared-utils-0.1.jar
7ff39000b000-7ff39000f000 r--s 00030000 08:02 1186063                    /home/luis/.m2/repository/org/codehaus/plexus/plexus-utils/1.5.1/plexus-utils-1.5.1.jar
7ff39000f000-7ff390011000 r--s 00009000 08:02 1052555                    /home/luis/.m2/repository/org/apache/maven/plugins/maven-compiler-plugin/3.1/maven-compiler-plugin-3.1.jar
7ff390011000-7ff390014000 r--s 0000d000 08:02 1313068                    /home/luis/.m2/repository/org/codehaus/plexus/plexus-interpolation/1.19/plexus-interpolation-1.19.jar
7ff390014000-7ff390015000 r--s 00001000 08:02 2234052                    /home/luis/.m2/repository/org/sonatype/plexus/plexus-build-api/0.0.4/plexus-build-api-0.0.4.jar
7ff390015000-7ff390017000 r--s 00006000 08:02 792828                     /home/luis/.m2/repository/com/google/code/findbugs/jsr305/2.0.1/jsr305-2.0.1.jar
7ff390017000-7ff39001a000 r--s 00023000 08:02 1576618                    /home/luis/.m2/repository/org/apache/maven/shared/maven-shared-utils/0.3/maven-shared-utils-0.3.jar
7ff39001a000-7ff39001c000 r--s 00009000 08:02 2891009                    /home/luis/.m2/repository/org/apache/maven/shared/maven-filtering/1.2/maven-filtering-1.2.jar
7ff39001c000-7ff390020000 r--s 00037000 08:02 3022366                    /home/luis/.m2/repository/org/codehaus/plexus/plexus-utils/3.0.15/plexus-utils-3.0.15.jar
7ff390020000-7ff390022000 r--s 00002000 08:02 1315828                    /home/luis/.m2/repository/org/sonatype/plexus/plexus-cipher/1.4/plexus-cipher-1.4.jar
7ff390022000-7ff390023000 r--s 00006000 08:02 922219                     /home/luis/.m2/repository/org/sonatype/plexus/plexus-sec-dispatcher/1.3/plexus-sec-dispatcher-1.3.jar
7ff390023000-7ff390025000 r--s 00002000 08:02 1315864                    /home/luis/.m2/repository/org/codehaus/plexus/plexus-interactivity-api/1.0-alpha-4/plexus-interactivity-api-1.0-alpha-4.jar
7ff390025000-7ff390027000 r--s 00009000 08:02 1314936                    /home/luis/.m2/repository/commons-cli/commons-cli/1.2/commons-cli-1.2.jar
7ff390027000-7ff390028000 r--s 00002000 08:02 1707727                    /home/luis/.m2/repository/org/apache/maven/doxia/doxia-logging-api/1.1/doxia-logging-api-1.1.jar
7ff390028000-7ff39002a000 r--s 00002000 08:02 1707726                    /home/luis/.m2/repository/org/apache/maven/doxia/doxia-sink-api/1.1/doxia-sink-api-1.1.jar
7ff39002a000-7ff39002b000 r--s 00002000 08:02 1707722                    /home/luis/.m2/repository/org/apache/maven/reporting/maven-reporting-api/2.2.1/maven-reporting-api-2.2.1.jar
7ff39002b000-7ff39002d000 r--s 00003000 08:02 11931846                   /home/luis/.m2/repository/org/slf4j/jcl-over-slf4j/1.5.6/jcl-over-slf4j-1.5.6.jar
7ff39002d000-7ff39002f000 r--s 00001000 08:02 11796649                   /home/luis/.m2/repository/org/slf4j/slf4j-jdk14/1.5.6/slf4j-jdk14-1.5.6.jar
7ff39002f000-7ff39022f000 rw-p 00000000 00:00 0 
7ff39022f000-7ff39042f000 rw-p 00000000 00:00 0 
7ff39042f000-7ff39062f000 rw-p 00000000 00:00 0 
7ff39062f000-7ff390631000 r-xp 00000000 08:02 5247825                    /lib/x86_64-linux-gnu/libutil-2.27.so
7ff390631000-7ff390830000 ---p 00002000 08:02 5247825                    /lib/x86_64-linux-gnu/libutil-2.27.so
7ff390830000-7ff390831000 r--p 00001000 08:02 5247825                    /lib/x86_64-linux-gnu/libutil-2.27.so
7ff390831000-7ff390832000 rw-p 00002000 08:02 5247825                    /lib/x86_64-linux-gnu/libutil-2.27.so
7ff390832000-7ff390835000 r--s 0001b000 08:02 922222                     /home/luis/.m2/repository/junit/junit/3.8.1/junit-3.8.1.jar
7ff390835000-7ff39083d000 r--s 00049000 08:02 1315822                    /home/luis/.m2/repository/backport-util-concurrent/backport-util-concurrent/3.1/backport-util-concurrent-3.1.jar
7ff39083d000-7ff39083e000 r--s 00007000 08:02 2890941                    /home/luis/.m2/repository/org/apache/maven/plugins/maven-resources-plugin/2.7/maven-resources-plugin-2.7.jar
7ff39083e000-7ff390842000 r--s 000a1000 08:02 2360748                    /usr/lib/jvm/java-8-oracle/jre/lib/jsse.jar
7ff390842000-7ff39084c000 r--s 00116000 08:02 2360821                    /usr/lib/jvm/java-8-oracle/jre/lib/ext/localedata.jar
7ff39084c000-7ff39084f000 r-xp 00000000 08:04 23462053                   /opt/maven/maven3.5.2/lib/jansi-native/linux64/libjansi.so
7ff39084f000-7ff390a4e000 ---p 00003000 08:04 23462053                   /opt/maven/maven3.5.2/lib/jansi-native/linux64/libjansi.so
7ff390a4e000-7ff390a4f000 rw-p 00002000 08:04 23462053                   /opt/maven/maven3.5.2/lib/jansi-native/linux64/libjansi.so
7ff390a4f000-7ff390a5c000 r--s 0008d000 08:04 23462021                   /opt/maven/maven3.5.2/lib/maven-core-3.5.2.jar
7ff390a5c000-7ff390a60000 r--s 0002f000 08:04 23462090                   /opt/maven/maven3.5.2/lib/commons-io-2.5.jar
7ff390a60000-7ff390a63000 r--s 00015000 08:04 23462070                   /opt/maven/maven3.5.2/lib/maven-embedder-3.5.2.jar
7ff390a63000-7ff390a65000 r--s 00006000 08:04 23462031                   /opt/maven/maven3.5.2/lib/maven-resolver-transport-wagon-1.1.0.jar
7ff390a65000-7ff390a67000 r--s 0000c000 08:04 23462008                   /opt/maven/maven3.5.2/lib/maven-artifact-3.5.2.jar
7ff390a67000-7ff390a69000 r--s 00009000 08:04 23462029                   /opt/maven/maven3.5.2/lib/slf4j-api-1.7.25.jar
7ff390a69000-7ff390a6b000 r--s 00003000 08:04 23462076                   /opt/maven/maven3.5.2/lib/jcl-over-slf4j-1.7.25.jar
7ff390a6b000-7ff390a6c000 r--s 00006000 08:04 23462019                   /opt/maven/maven3.5.2/lib/plexus-sec-dispatcher-1.4.jar
7ff390a6c000-7ff390a6e000 r--s 0000c000 08:04 23462030                   /opt/maven/maven3.5.2/lib/wagon-provider-api-2.12.jar
7ff390a6e000-7ff390a70000 r--s 00000000 08:04 23462018                   /opt/maven/maven3.5.2/lib/plexus-component-annotations-1.7.1.jar
7ff390a70000-7ff390a72000 r--s 00009000 08:04 23462049                   /opt/maven/maven3.5.2/lib/maven-settings-builder-3.5.2.jar
7ff390a72000-7ff390a9e000 r--s 001e6000 08:04 23462058                   /opt/maven/maven3.5.2/lib/wagon-http-2.12-shaded.jar
7ff390a9e000-7ff390a9f000 r--s 00003000 08:04 23462017                   /opt/maven/maven3.5.2/lib/maven-builder-support-3.5.2.jar
7ff390a9f000-7ff390ace000 r--s 00226000 08:04 23462098                   /opt/maven/maven3.5.2/lib/guava-20.0.jar
7ff390ace000-7ff390ad0000 r--s 0000f000 08:04 23462056                   /opt/maven/maven3.5.2/lib/maven-resolver-provider-3.5.2.jar
7ff390ad0000-7ff390ad3000 r--s 0003c000 08:04 23462079                   /opt/maven/maven3.5.2/lib/jansi-1.16.jar
7ff390ad3000-7ff390ad9000 r--s 00041000 08:04 23462051                   /opt/maven/maven3.5.2/lib/maven-compat-3.5.2.jar
7ff390ad9000-7ff390adb000 r--s 00009000 08:04 23462078                   /opt/maven/maven3.5.2/lib/maven-resolver-connector-basic-1.1.0.jar
7ff390adb000-7ff390ae2000 r--s 00056000 08:04 23462027                   /opt/maven/maven3.5.2/lib/org.eclipse.sisu.inject-0.3.3.jar
7ff390ae2000-7ff390ae8000 r--s 0002d000 08:04 23462009                   /opt/maven/maven3.5.2/lib/org.eclipse.sisu.plexus-0.3.3.jar
7ff390ae8000-7ff390ae9000 r--s 0000a000 08:04 23462048                   /opt/maven/maven3.5.2/lib/maven-settings-3.5.2.jar
7ff390ae9000-7ff390aea000 r--s 00002000 08:04 23462077                   /opt/maven/maven3.5.2/lib/wagon-file-2.12.jar
7ff390aea000-7ff390aec000 r--s 00000000 08:04 23462028                   /opt/maven/maven3.5.2/lib/aopalliance-1.0.jar
7ff390aec000-7ff390aed000 r--s 00006000 08:04 23462007                   /opt/maven/maven3.5.2/lib/maven-repository-metadata-3.5.2.jar
7ff390aed000-7ff390af0000 r--s 00011000 08:04 23462071                   /opt/maven/maven3.5.2/lib/plexus-interpolation-1.24.jar
7ff390af0000-7ff390af2000 r--s 00002000 08:04 23462020                   /opt/maven/maven3.5.2/lib/plexus-cipher-1.7.jar
7ff390af2000-7ff390af4000 r--s 0000c000 08:04 23462075                   /opt/maven/maven3.5.2/lib/commons-cli-1.4.jar
7ff390af4000-7ff390af5000 r--s 00000000 08:04 23462026                   /opt/maven/maven3.5.2/lib/javax.inject-1.jar
7ff390af5000-7ff390af7000 r--s 00007000 08:04 23462010                   /opt/maven/maven3.5.2/lib/maven-resolver-spi-1.1.0.jar
7ff390af7000-7ff390afb000 r--s 00028000 08:04 23462089                   /opt/maven/maven3.5.2/lib/maven-model-builder-3.5.2.jar
7ff390afb000-7ff390afc000 ---p 00000000 00:00 0 
7ff390afc000-7ff390bfc000 rw-p 00000000 00:00 0 
7ff390bfc000-7ff390bff000 ---p 00000000 00:00 0 
7ff390bff000-7ff390cfd000 rw-p 00000000 00:00 0 
7ff390cfd000-7ff390cfe000 ---p 00000000 00:00 0 
7ff390cfe000-7ff390d01000 ---p 00000000 00:00 0 
7ff390d01000-7ff390dfe000 rw-p 00000000 00:00 0 
7ff390dfe000-7ff390dff000 ---p 00000000 00:00 0 
7ff390dff000-7ff390e02000 ---p 00000000 00:00 0 
7ff390e02000-7ff390eff000 rw-p 00000000 00:00 0 
7ff390eff000-7ff390f00000 ---p 00000000 00:00 0 
7ff390f00000-7ff390f03000 ---p 00000000 00:00 0 
7ff390f03000-7ff391000000 rw-p 00000000 00:00 0 
7ff391000000-7ff391003000 ---p 00000000 00:00 0 
7ff391003000-7ff391101000 rw-p 00000000 00:00 0 
7ff391101000-7ff391ad0000 r--p 00000000 08:02 10492549                   /usr/lib/locale/locale-archive
7ff391ad0000-7ff391ad3000 ---p 00000000 00:00 0 
7ff391ad3000-7ff391bd1000 rw-p 00000000 00:00 0 
7ff391bd1000-7ff391bd4000 ---p 00000000 00:00 0 
7ff391bd4000-7ff391cd2000 rw-p 00000000 00:00 0 
7ff391cd2000-7ff391cd3000 ---p 00000000 00:00 0 
7ff391cd3000-7ff392d66000 rw-p 00000000 00:00 0 
7ff392d66000-7ff392f40000 r--s 03d6f000 08:02 2360743                    /usr/lib/jvm/java-8-oracle/jre/lib/rt.jar
7ff392f40000-7ff393f06000 rw-p 00000000 00:00 0 
7ff393f06000-7ff393f07000 ---p 00000000 00:00 0 
7ff393f07000-7ff394007000 rw-p 00000000 00:00 0 
7ff394007000-7ff394008000 ---p 00000000 00:00 0 
7ff394008000-7ff394108000 rw-p 00000000 00:00 0 
7ff394108000-7ff394109000 ---p 00000000 00:00 0 
7ff394109000-7ff394209000 rw-p 00000000 00:00 0 
7ff394209000-7ff39420a000 ---p 00000000 00:00 0 
7ff39420a000-7ff39435e000 rw-p 00000000 00:00 0 
7ff39435e000-7ff394839000 ---p 00000000 00:00 0 
7ff394839000-7ff39488d000 rw-p 00000000 00:00 0 
7ff39488d000-7ff394d67000 ---p 00000000 00:00 0 
7ff394d67000-7ff394db1000 rw-p 00000000 00:00 0 
7ff394db1000-7ff394fff000 ---p 00000000 00:00 0 
7ff394fff000-7ff395000000 rw-p 00000000 00:00 0 
7ff395000000-7ff395b70000 rwxp 00000000 00:00 0 
7ff395b70000-7ff3a4000000 ---p 00000000 00:00 0 
7ff3a4000000-7ff3a5329000 rw-p 00000000 00:00 0 
7ff3a5329000-7ff3a8000000 ---p 00000000 00:00 0 
7ff3a8000000-7ff3a8001000 r--s 00005000 08:04 23462032                   /opt/maven/maven3.5.2/lib/maven-slf4j-provider-3.5.2.jar
7ff3a8001000-7ff3a8004000 r--s 00026000 08:04 23462072                   /opt/maven/maven3.5.2/lib/maven-model-3.5.2.jar
7ff3a8004000-7ff3a8006000 r--s 0000a000 08:04 23462024                   /opt/maven/maven3.5.2/lib/maven-plugin-api-3.5.2.jar
7ff3a8006000-7ff3a8007000 r--s 00001000 08:04 23462025                   /opt/maven/maven3.5.2/lib/jsr250-api-1.0.jar
7ff3a8007000-7ff3a8010000 r--s 0005f000 08:04 23462012                   /opt/maven/maven3.5.2/lib/guice-4.0-no_aop.jar
7ff3a8010000-7ff3a8124000 rw-p 00000000 00:00 0 
7ff3a8124000-7ff3a84b6000 ---p 00000000 00:00 0 
7ff3a84b6000-7ff3a84d1000 r-xp 00000000 08:02 2360964                    /usr/lib/jvm/java-8-oracle/jre/lib/amd64/libzip.so
7ff3a84d1000-7ff3a86d0000 ---p 0001b000 08:02 2360964                    /usr/lib/jvm/java-8-oracle/jre/lib/amd64/libzip.so
7ff3a86d0000-7ff3a86d1000 r--p 0001a000 08:02 2360964                    /usr/lib/jvm/java-8-oracle/jre/lib/amd64/libzip.so
7ff3a86d1000-7ff3a86d2000 rw-p 0001b000 08:02 2360964                    /usr/lib/jvm/java-8-oracle/jre/lib/amd64/libzip.so
7ff3a86d2000-7ff3a86dd000 r-xp 00000000 08:02 5247750                    /lib/x86_64-linux-gnu/libnss_files-2.27.so
7ff3a86dd000-7ff3a88dc000 ---p 0000b000 08:02 5247750                    /lib/x86_64-linux-gnu/libnss_files-2.27.so
7ff3a88dc000-7ff3a88dd000 r--p 0000a000 08:02 5247750                    /lib/x86_64-linux-gnu/libnss_files-2.27.so
7ff3a88dd000-7ff3a88de000 rw-p 0000b000 08:02 5247750                    /lib/x86_64-linux-gnu/libnss_files-2.27.so
7ff3a88de000-7ff3a88e4000 rw-p 00000000 00:00 0 
7ff3a88e4000-7ff3a88fb000 r-xp 00000000 08:02 5247744                    /lib/x86_64-linux-gnu/libnsl-2.27.so
7ff3a88fb000-7ff3a8afa000 ---p 00017000 08:02 5247744                    /lib/x86_64-linux-gnu/libnsl-2.27.so
7ff3a8afa000-7ff3a8afb000 r--p 00016000 08:02 5247744                    /lib/x86_64-linux-gnu/libnsl-2.27.so
7ff3a8afb000-7ff3a8afc000 rw-p 00017000 08:02 5247744                    /lib/x86_64-linux-gnu/libnsl-2.27.so
7ff3a8afc000-7ff3a8afe000 rw-p 00000000 00:00 0 
7ff3a8afe000-7ff3a8b09000 r-xp 00000000 08:02 5247761                    /lib/x86_64-linux-gnu/libnss_nis-2.27.so
7ff3a8b09000-7ff3a8d08000 ---p 0000b000 08:02 5247761                    /lib/x86_64-linux-gnu/libnss_nis-2.27.so
7ff3a8d08000-7ff3a8d09000 r--p 0000a000 08:02 5247761                    /lib/x86_64-linux-gnu/libnss_nis-2.27.so
7ff3a8d09000-7ff3a8d0a000 rw-p 0000b000 08:02 5247761                    /lib/x86_64-linux-gnu/libnss_nis-2.27.so
7ff3a8d0a000-7ff3a8d12000 r-xp 00000000 08:02 5247746                    /lib/x86_64-linux-gnu/libnss_compat-2.27.so
7ff3a8d12000-7ff3a8f12000 ---p 00008000 08:02 5247746                    /lib/x86_64-linux-gnu/libnss_compat-2.27.so
7ff3a8f12000-7ff3a8f13000 r--p 00008000 08:02 5247746                    /lib/x86_64-linux-gnu/libnss_compat-2.27.so
7ff3a8f13000-7ff3a8f14000 rw-p 00009000 08:02 5247746                    /lib/x86_64-linux-gnu/libnss_compat-2.27.so
7ff3a8f14000-7ff3a8f40000 r-xp 00000000 08:02 2360958                    /usr/lib/jvm/java-8-oracle/jre/lib/amd64/libjava.so
7ff3a8f40000-7ff3a9140000 ---p 0002c000 08:02 2360958                    /usr/lib/jvm/java-8-oracle/jre/lib/amd64/libjava.so
7ff3a9140000-7ff3a9141000 r--p 0002c000 08:02 2360958                    /usr/lib/jvm/java-8-oracle/jre/lib/amd64/libjava.so
7ff3a9141000-7ff3a9143000 rw-p 0002d000 08:02 2360958                    /usr/lib/jvm/java-8-oracle/jre/lib/amd64/libjava.so
7ff3a9143000-7ff3a9150000 r-xp 00000000 08:02 2360963                    /usr/lib/jvm/java-8-oracle/jre/lib/amd64/libverify.so
7ff3a9150000-7ff3a934f000 ---p 0000d000 08:02 2360963                    /usr/lib/jvm/java-8-oracle/jre/lib/amd64/libverify.so
7ff3a934f000-7ff3a9351000 r--p 0000c000 08:02 2360963                    /usr/lib/jvm/java-8-oracle/jre/lib/amd64/libverify.so
7ff3a9351000-7ff3a9352000 rw-p 0000e000 08:02 2360963                    /usr/lib/jvm/java-8-oracle/jre/lib/amd64/libverify.so
7ff3a9352000-7ff3a9359000 r-xp 00000000 08:02 5247801                    /lib/x86_64-linux-gnu/librt-2.27.so
7ff3a9359000-7ff3a9558000 ---p 00007000 08:02 5247801                    /lib/x86_64-linux-gnu/librt-2.27.so
7ff3a9558000-7ff3a9559000 r--p 00006000 08:02 5247801                    /lib/x86_64-linux-gnu/librt-2.27.so
7ff3a9559000-7ff3a955a000 rw-p 00007000 08:02 5247801                    /lib/x86_64-linux-gnu/librt-2.27.so
7ff3a955a000-7ff3a96f7000 r-xp 00000000 08:02 5247723                    /lib/x86_64-linux-gnu/libm-2.27.so
7ff3a96f7000-7ff3a98f6000 ---p 0019d000 08:02 5247723                    /lib/x86_64-linux-gnu/libm-2.27.so
7ff3a98f6000-7ff3a98f7000 r--p 0019c000 08:02 5247723                    /lib/x86_64-linux-gnu/libm-2.27.so
7ff3a98f7000-7ff3a98f8000 rw-p 0019d000 08:02 5247723                    /lib/x86_64-linux-gnu/libm-2.27.so
7ff3a98f8000-7ff3aa5e0000 r-xp 00000000 08:02 2360940                    /usr/lib/jvm/java-8-oracle/jre/lib/amd64/server/libjvm.so
7ff3aa5e0000-7ff3aa7df000 ---p 00ce8000 08:02 2360940                    /usr/lib/jvm/java-8-oracle/jre/lib/amd64/server/libjvm.so
7ff3aa7df000-7ff3aa875000 r--p 00ce7000 08:02 2360940                    /usr/lib/jvm/java-8-oracle/jre/lib/amd64/server/libjvm.so
7ff3aa875000-7ff3aa8a6000 rw-p 00d7d000 08:02 2360940                    /usr/lib/jvm/java-8-oracle/jre/lib/amd64/server/libjvm.so
7ff3aa8a6000-7ff3aa8e1000 rw-p 00000000 00:00 0 
7ff3aa8e1000-7ff3aaac8000 r-xp 00000000 08:02 5247660                    /lib/x86_64-linux-gnu/libc-2.27.so
7ff3aaac8000-7ff3aacc8000 ---p 001e7000 08:02 5247660                    /lib/x86_64-linux-gnu/libc-2.27.so
7ff3aacc8000-7ff3aaccc000 r--p 001e7000 08:02 5247660                    /lib/x86_64-linux-gnu/libc-2.27.so
7ff3aaccc000-7ff3aacce000 rw-p 001eb000 08:02 5247660                    /lib/x86_64-linux-gnu/libc-2.27.so
7ff3aacce000-7ff3aacd2000 rw-p 00000000 00:00 0 
7ff3aacd2000-7ff3aacd5000 r-xp 00000000 08:02 5247683                    /lib/x86_64-linux-gnu/libdl-2.27.so
7ff3aacd5000-7ff3aaed4000 ---p 00003000 08:02 5247683                    /lib/x86_64-linux-gnu/libdl-2.27.so
7ff3aaed4000-7ff3aaed5000 r--p 00002000 08:02 5247683                    /lib/x86_64-linux-gnu/libdl-2.27.so
7ff3aaed5000-7ff3aaed6000 rw-p 00003000 08:02 5247683                    /lib/x86_64-linux-gnu/libdl-2.27.so
7ff3aaed6000-7ff3aaeed000 r-xp 00000000 08:02 2361079                    /usr/lib/jvm/java-8-oracle/lib/amd64/jli/libjli.so
7ff3aaeed000-7ff3ab0ec000 ---p 00017000 08:02 2361079                    /usr/lib/jvm/java-8-oracle/lib/amd64/jli/libjli.so
7ff3ab0ec000-7ff3ab0ed000 r--p 00016000 08:02 2361079                    /usr/lib/jvm/java-8-oracle/lib/amd64/jli/libjli.so
7ff3ab0ed000-7ff3ab0ee000 rw-p 00017000 08:02 2361079                    /usr/lib/jvm/java-8-oracle/lib/amd64/jli/libjli.so
7ff3ab0ee000-7ff3ab108000 r-xp 00000000 08:02 5247793                    /lib/x86_64-linux-gnu/libpthread-2.27.so
7ff3ab108000-7ff3ab307000 ---p 0001a000 08:02 5247793                    /lib/x86_64-linux-gnu/libpthread-2.27.so
7ff3ab307000-7ff3ab308000 r--p 00019000 08:02 5247793                    /lib/x86_64-linux-gnu/libpthread-2.27.so
7ff3ab308000-7ff3ab309000 rw-p 0001a000 08:02 5247793                    /lib/x86_64-linux-gnu/libpthread-2.27.so
7ff3ab309000-7ff3ab30d000 rw-p 00000000 00:00 0 
7ff3ab30d000-7ff3ab334000 r-xp 00000000 08:02 5247632                    /lib/x86_64-linux-gnu/ld-2.27.so
7ff3ab334000-7ff3ab338000 r--s 00023000 08:04 23462057                   /opt/maven/maven3.5.2/lib/maven-resolver-util-1.1.0.jar
7ff3ab338000-7ff3ab33c000 r--s 0003c000 08:04 23462055                   /opt/maven/maven3.5.2/lib/plexus-utils-3.1.0.jar
7ff3ab33c000-7ff3ab340000 r--s 00020000 08:04 23462073                   /opt/maven/maven3.5.2/lib/maven-resolver-api-1.1.0.jar
7ff3ab340000-7ff3ab344000 r--s 0002a000 08:04 23462011                   /opt/maven/maven3.5.2/lib/maven-resolver-impl-1.1.0.jar
7ff3ab344000-7ff3ab415000 rw-p 00000000 00:00 0 
7ff3ab415000-7ff3ab416000 ---p 00000000 00:00 0 
7ff3ab416000-7ff3ab419000 ---p 00000000 00:00 0 
7ff3ab419000-7ff3ab51a000 rw-p 00000000 00:00 0 
7ff3ab51a000-7ff3ab51d000 r--s 00025000 08:04 23462074                   /opt/maven/maven3.5.2/lib/maven-shared-utils-3.1.0.jar
7ff3ab51d000-7ff3ab525000 r--s 0006e000 08:04 23462050                   /opt/maven/maven3.5.2/lib/commons-lang3-3.5.jar
7ff3ab525000-7ff3ab528000 r--s 00008000 08:04 23462088                   /opt/maven/maven3.5.2/lib/cdi-api-1.0.jar
7ff3ab528000-7ff3ab52a000 r--s 0000b000 08:04 23462054                   /opt/maven/maven3.5.2/boot/plexus-classworlds-2.5.2.jar
7ff3ab52a000-7ff3ab532000 rw-s 00000000 08:02 1312693                    /tmp/hsperfdata_luis/31131
7ff3ab532000-7ff3ab533000 rw-p 00000000 00:00 0 
7ff3ab533000-7ff3ab534000 ---p 00000000 00:00 0 
7ff3ab534000-7ff3ab535000 r--p 00027000 08:02 5247632                    /lib/x86_64-linux-gnu/ld-2.27.so
7ff3ab535000-7ff3ab536000 rw-p 00028000 08:02 5247632                    /lib/x86_64-linux-gnu/ld-2.27.so
7ff3ab536000-7ff3ab537000 rw-p 00000000 00:00 0 
7ffd6de97000-7ffd6deb9000 rw-p 00000000 00:00 0                          [stack]
7ffd6dfdc000-7ffd6dfdf000 r--p 00000000 00:00 0                          [vvar]
7ffd6dfdf000-7ffd6dfe1000 r-xp 00000000 00:00 0                          [vdso]
ffffffffff600000-ffffffffff601000 r-xp 00000000 00:00 0                  [vsyscall]

VM Arguments:
jvm_args: -Dclassworlds.conf=/opt/maven/maven3.5.2/bin/m2.conf -Dmaven.home=/opt/maven/maven3.5.2 -Dlibrary.jansi.path=/opt/maven/maven3.5.2/lib/jansi-native -Dmaven.multiModuleProjectDirectory=/projects/luis/courses/springCloud/pluralSightEssencials/gateway-service 
java_command: org.codehaus.plexus.classworlds.launcher.Launcher spring-boot:run
java_class_path (initial): /opt/maven/maven3.5.2/boot/plexus-classworlds-2.5.2.jar
Launcher Type: SUN_STANDARD

Environment Variables:
JAVA_HOME=/usr/lib/jvm/java-8-oracle
PATH=/home/luis/.nvm/versions/node/v8.10.0/bin:/home/luis/.rvm/gems/ruby-2.1.6/bin:/home/luis/.rvm/gems/ruby-2.1.6@global/bin:/home/luis/.rvm/rubies/ruby-2.1.6/bin:/usr/local/sbin:/usr/local/bin:/usr/sbin:/usr/bin:/sbin:/bin:/usr/games:/usr/local/games:/snap/bin:/usr/lib/jvm/java-8-oracle/bin:/usr/lib/jvm/java-8-oracle/db/bin:/usr/lib/jvm/java-8-oracle/jre/bin:/home/luis/.rvm/bin:/opt/sdk/platform-tools
USERNAME=luis
SHELL=/usr/bin/zsh
DISPLAY=:0

Signal Handlers:
SIGSEGV: [libjvm.so+0xad3e60], sa_mask[0]=11111111011111111101111111111110, sa_flags=SA_RESTART|SA_SIGINFO
SIGBUS: [libjvm.so+0xad3e60], sa_mask[0]=11111111011111111101111111111110, sa_flags=SA_RESTART|SA_SIGINFO
SIGFPE: [libjvm.so+0x90b880], sa_mask[0]=11111111011111111101111111111110, sa_flags=SA_RESTART|SA_SIGINFO
SIGPIPE: [libjvm.so+0x90b880], sa_mask[0]=11111111011111111101111111111110, sa_flags=SA_RESTART|SA_SIGINFO
SIGXFSZ: [libjvm.so+0x90b880], sa_mask[0]=11111111011111111101111111111110, sa_flags=SA_RESTART|SA_SIGINFO
SIGILL: [libjvm.so+0x90b880], sa_mask[0]=11111111011111111101111111111110, sa_flags=SA_RESTART|SA_SIGINFO
SIGUSR1: SIG_DFL, sa_mask[0]=00000000000000000000000000000000, sa_flags=none
SIGUSR2: [libjvm.so+0x90b750], sa_mask[0]=00000000000000000000000000000000, sa_flags=SA_RESTART|SA_SIGINFO
SIGHUP: [libjvm.so+0x90bd70], sa_mask[0]=11111111011111111101111111111110, sa_flags=SA_RESTART|SA_SIGINFO
SIGINT: [libjvm.so+0x90bd70], sa_mask[0]=11111111011111111101111111111110, sa_flags=SA_RESTART|SA_SIGINFO
SIGTERM: [libjvm.so+0x90bd70], sa_mask[0]=11111111011111111101111111111110, sa_flags=SA_RESTART|SA_SIGINFO
SIGQUIT: [libjvm.so+0x90bd70], sa_mask[0]=11111111011111111101111111111110, sa_flags=SA_RESTART|SA_SIGINFO


---------------  S Y S T E M  ---------------

OS:DISTRIB_ID=Ubuntu
DISTRIB_RELEASE=18.04
DISTRIB_CODENAME=bionic
DISTRIB_DESCRIPTION="Ubuntu 18.04.2 LTS"

uname:Linux 4.15.0-47-generic #50-Ubuntu SMP Wed Mar 13 10:44:52 UTC 2019 x86_64
libc:glibc 2.27 NPTL 2.27 
rlimit: STACK 8192k, CORE 0k, NPROC 63495, NOFILE 1048576, AS infinity
load average:11,72 13,16 13,00

/proc/meminfo:
MemTotal:       16298216 kB
MemFree:         1539656 kB
MemAvailable:    8245456 kB
Buffers:         1201516 kB
Cached:          5991668 kB
SwapCached:            0 kB
Active:          9751544 kB
Inactive:        4119836 kB
Active(anon):    6550400 kB
Inactive(anon):   796892 kB
Active(file):    3201144 kB
Inactive(file):  3322944 kB
Unevictable:          80 kB
Mlocked:              80 kB
SwapTotal:       3905532 kB
SwapFree:        3905532 kB
Dirty:              2844 kB
Writeback:             0 kB
AnonPages:       6678416 kB
Mapped:          1033676 kB
Shmem:            805376 kB
Slab:             652344 kB
SReclaimable:     517984 kB
SUnreclaim:       134360 kB
KernelStack:       21040 kB
PageTables:        98936 kB
NFS_Unstable:          0 kB
Bounce:                0 kB
WritebackTmp:          0 kB
CommitLimit:    12054640 kB
Committed_AS:   18104752 kB
VmallocTotal:   34359738367 kB
VmallocUsed:           0 kB
VmallocChunk:          0 kB
HardwareCorrupted:     0 kB
AnonHugePages:         0 kB
ShmemHugePages:        0 kB
ShmemPmdMapped:        0 kB
CmaTotal:              0 kB
CmaFree:               0 kB
HugePages_Total:       0
HugePages_Free:        0
HugePages_Rsvd:        0
HugePages_Surp:        0
Hugepagesize:       2048 kB
DirectMap4k:      447692 kB
DirectMap2M:    16201728 kB

container (cgroup) information:
container_type: cgroupv1
cpu_cpuset_cpus: 0-3
cpu_memory_nodes: 0
active_processor_count: 4
cpu_quota: -1
cpu_period: 100000
cpu_shares: -1
memory_limit_in_bytes: -1
memory_and_swap_limit_in_bytes: -2
memory_soft_limit_in_bytes: -1
memory_usage_in_bytes: 12006531072
memory_max_usage_in_bytes: 12956672000


CPU:total 4 (initial active 4) (4 cores per cpu, 1 threads per core) family 6 model 58 stepping 9, cmov, cx8, fxsr, mmx, sse, sse2, sse3, ssse3, sse4.1, sse4.2, popcnt, avx, aes, clmul, erms, tsc, tscinvbit, tscinv

/proc/cpuinfo:
processor	: 0
vendor_id	: GenuineIntel
cpu family	: 6
model		: 58
model name	: Intel(R) Core(TM) i5-3330 CPU @ 3.00GHz
stepping	: 9
microcode	: 0x20
cpu MHz		: 2993.087
cache size	: 6144 KB
physical id	: 0
siblings	: 4
core id		: 0
cpu cores	: 4
apicid		: 0
initial apicid	: 0
fpu		: yes
fpu_exception	: yes
cpuid level	: 13
wp		: yes
flags		: fpu vme de pse tsc msr pae mce cx8 apic sep mtrr pge mca cmov pat pse36 clflush dts acpi mmx fxsr sse sse2 ss ht tm pbe syscall nx rdtscp lm constant_tsc arch_perfmon pebs bts rep_good nopl xtopology nonstop_tsc cpuid aperfmperf pni pclmulqdq dtes64 monitor ds_cpl vmx est tm2 ssse3 cx16 xtpr pdcm pcid sse4_1 sse4_2 x2apic popcnt tsc_deadline_timer aes xsave avx f16c rdrand lahf_lm cpuid_fault epb pti ssbd ibrs ibpb stibp tpr_shadow vnmi flexpriority ept vpid fsgsbase smep erms xsaveopt dtherm ida arat pln pts flush_l1d
bugs		: cpu_meltdown spectre_v1 spectre_v2 spec_store_bypass l1tf
bogomips	: 5986.09
clflush size	: 64
cache_alignment	: 64
address sizes	: 36 bits physical, 48 bits virtual
power management:

processor	: 1
vendor_id	: GenuineIntel
cpu family	: 6
model		: 58
model name	: Intel(R) Core(TM) i5-3330 CPU @ 3.00GHz
stepping	: 9
microcode	: 0x20
cpu MHz		: 3068.871
cache size	: 6144 KB
physical id	: 0
siblings	: 4
core id		: 1
cpu cores	: 4
apicid		: 2
initial apicid	: 2
fpu		: yes
fpu_exception	: yes
cpuid level	: 13
wp		: yes
flags		: fpu vme de pse tsc msr pae mce cx8 apic sep mtrr pge mca cmov pat pse36 clflush dts acpi mmx fxsr sse sse2 ss ht tm pbe syscall nx rdtscp lm constant_tsc arch_perfmon pebs bts rep_good nopl xtopology nonstop_tsc cpuid aperfmperf pni pclmulqdq dtes64 monitor ds_cpl vmx est tm2 ssse3 cx16 xtpr pdcm pcid sse4_1 sse4_2 x2apic popcnt tsc_deadline_timer aes xsave avx f16c rdrand lahf_lm cpuid_fault epb pti ssbd ibrs ibpb stibp tpr_shadow vnmi flexpriority ept vpid fsgsbase smep erms xsaveopt dtherm ida arat pln pts flush_l1d
bugs		: cpu_meltdown spectre_v1 spectre_v2 spec_store_bypass l1tf
bogomips	: 5986.09
clflush size	: 64
cache_alignment	: 64
address sizes	: 36 bits physical, 48 bits virtual
power management:

processor	: 2
vendor_id	: GenuineIntel
cpu family	: 6
model		: 58
model name	: Intel(R) Core(TM) i5-3330 CPU @ 3.00GHz
stepping	: 9
microcode	: 0x20
cpu MHz		: 3069.136
cache size	: 6144 KB
physical id	: 0
siblings	: 4
core id		: 2
cpu cores	: 4
apicid		: 4
initial apicid	: 4
fpu		: yes
fpu_exception	: yes
cpuid level	: 13
wp		: yes
flags		: fpu vme de pse tsc msr pae mce cx8 apic sep mtrr pge mca cmov pat pse36 clflush dts acpi mmx fxsr sse sse2 ss ht tm pbe syscall nx rdtscp lm constant_tsc arch_perfmon pebs bts rep_good nopl xtopology nonstop_tsc cpuid aperfmperf pni pclmulqdq dtes64 monitor ds_cpl vmx est tm2 ssse3 cx16 xtpr pdcm pcid sse4_1 sse4_2 x2apic popcnt tsc_deadline_timer aes xsave avx f16c rdrand lahf_lm cpuid_fault epb pti ssbd ibrs ibpb stibp tpr_shadow vnmi flexpriority ept vpid fsgsbase smep erms xsaveopt dtherm ida arat pln pts flush_l1d
bugs		: cpu_meltdown spectre_v1 spectre_v2 spec_store_bypass l1tf
bogomips	: 5986.09
clflush size	: 64
cache_alignment	: 64
address sizes	: 36 bits physical, 48 bits virtual
power management:

processor	: 3
vendor_id	: GenuineIntel
cpu family	: 6
model		: 58
model name	: Intel(R) Core(TM) i5-3330 CPU @ 3.00GHz
stepping	: 9
microcode	: 0x20
cpu MHz		: 3073.271
cache size	: 6144 KB
physical id	: 0
siblings	: 4
core id		: 3
cpu cores	: 4
apicid		: 6
initial apicid	: 6
fpu		: yes
fpu_exception	: yes
cpuid level	: 13
wp		: yes
flags		: fpu vme de pse tsc msr pae mce cx8 apic sep mtrr pge mca cmov pat pse36 clflush dts acpi mmx fxsr sse sse2 ss ht tm pbe syscall nx rdtscp lm constant_tsc arch_perfmon pebs bts rep_good nopl xtopology nonstop_tsc cpuid aperfmperf pni pclmulqdq dtes64 monitor ds_cpl vmx est tm2 ssse3 cx16 xtpr pdcm pcid sse4_1 sse4_2 x2apic popcnt tsc_deadline_timer aes xsave avx f16c rdrand lahf_lm cpuid_fault epb pti ssbd ibrs ibpb stibp tpr_shadow vnmi flexpriority ept vpid fsgsbase smep erms xsaveopt dtherm ida arat pln pts flush_l1d
bugs		: cpu_meltdown spectre_v1 spectre_v2 spec_store_bypass l1tf
bogomips	: 5986.09
clflush size	: 64
cache_alignment	: 64
address sizes	: 36 bits physical, 48 bits virtual
power management:



Memory: 4k page, physical 16298216k(1539408k free), swap 3905532k(3905532k free)

vm_info: Java HotSpot(TM) 64-Bit Server VM (25.201-b09) for linux-amd64 JRE (1.8.0_201-b09), built on Dec 15 2018 11:35:59 by "java_re" with gcc 7.3.0

time: Tue Apr 16 10:12:21 2019
timezone: -03
elapsed time: 2 seconds (0d 0h 0m 2s)

